{"timestamp":"2025-10-18T02:31:01.598308Z","level":"info","event":"DAG bundles loaded: dags-folder, example_dags","logger":"airflow.dag_processing.bundles.manager.DagBundlesManager","filename":"manager.py","lineno":179}
{"timestamp":"2025-10-18T02:31:01.599264Z","level":"info","event":"Filling up the DagBag from /opt/airflow/dags/python_operator_v1.py","logger":"airflow.models.dagbag.DagBag","filename":"dagbag.py","lineno":593}
{"timestamp":"2025-10-18T02:31:01.629549Z","level":"info","event":"Task instance is in running state","logger":"task.stdout"}
{"timestamp":"2025-10-18T02:31:01.629756Z","level":"info","event":" Previous state of the Task instance: TaskInstanceState.QUEUED","logger":"task.stdout"}
{"timestamp":"2025-10-18T02:31:01.629885Z","level":"info","event":"Current task name:python","logger":"task.stdout"}
{"timestamp":"2025-10-18T02:31:01.629920Z","level":"info","event":"Dag name:python_operator_v1","logger":"task.stdout"}
{"timestamp":"2025-10-18T02:31:01.632001Z","level":"info","event":"andre","logger":"task.stdout"}
{"timestamp":"2025-10-18T02:31:01.632775Z","level":"info","event":"{'conn': <ConnectionAccessor (dynamic access)>,","logger":"task.stdout"}
{"timestamp":"2025-10-18T02:31:01.632974Z","level":"info","event":" 'dag': <DAG: python_operator_v1>,","logger":"task.stdout"}
{"timestamp":"2025-10-18T02:31:01.633121Z","level":"info","event":" 'dag_run': DagRun(dag_id='python_operator_v1', run_id='scheduled__2025-10-18T02:31:00+00:00', logical_date=datetime.datetime(2025, 10, 18, 2, 31, tzinfo=datetime.timezone.utc), data_interval_start=datetime.datetime(2025, 10, 18, 2, 31, tzinfo=datetime.timezone.utc), data_interval_end=datetime.datetime(2025, 10, 18, 2, 31, tzinfo=datetime.timezone.utc), run_after=datetime.datetime(2025, 10, 18, 2, 31, tzinfo=datetime.timezone.utc), start_date=datetime.datetime(2025, 10, 18, 2, 31, 0, 60077, tzinfo=datetime.timezone.utc), end_date=None, clear_number=0, run_type=<DagRunType.SCHEDULED: 'scheduled'>, state=<DagRunState.RUNNING: 'running'>, conf={}, consumed_asset_events=[]),","logger":"task.stdout"}
{"timestamp":"2025-10-18T02:31:01.633170Z","level":"info","event":" 'data_interval_end': DateTime(2025, 10, 18, 2, 31, 0, tzinfo=Timezone('UTC')),","logger":"task.stdout"}
{"timestamp":"2025-10-18T02:31:01.633261Z","level":"info","event":" 'data_interval_start': DateTime(2025, 10, 18, 2, 31, 0, tzinfo=Timezone('UTC')),","logger":"task.stdout"}
{"timestamp":"2025-10-18T02:31:01.633292Z","level":"info","event":" 'ds': '2025-10-18',","logger":"task.stdout"}
{"timestamp":"2025-10-18T02:31:01.633319Z","level":"info","event":" 'ds_nodash': '20251018',","logger":"task.stdout"}
{"timestamp":"2025-10-18T02:31:01.633343Z","level":"info","event":" 'inlet_events': InletEventsAccessors(_inlets=[], _assets={}, _asset_aliases={}),","logger":"task.stdout"}
{"timestamp":"2025-10-18T02:31:01.633364Z","level":"info","event":" 'inlets': [],","logger":"task.stdout"}
{"timestamp":"2025-10-18T02:31:01.633402Z","level":"info","event":" 'logical_date': DateTime(2025, 10, 18, 2, 31, 0, tzinfo=Timezone('UTC')),","logger":"task.stdout"}
{"timestamp":"2025-10-18T02:31:01.633431Z","level":"info","event":" 'macros': <MacrosAccessor (dynamic access to macros)>,","logger":"task.stdout"}
{"timestamp":"2025-10-18T02:31:01.633452Z","level":"info","event":" 'map_index_template': None,","logger":"task.stdout"}
{"timestamp":"2025-10-18T02:31:01.633473Z","level":"info","event":" 'outlet_events': <airflow.sdk.execution_time.context.OutletEventAccessors object at 0x716c8730b350>,","logger":"task.stdout"}
{"timestamp":"2025-10-18T02:31:01.633494Z","level":"info","event":" 'outlets': [],","logger":"task.stdout"}
{"timestamp":"2025-10-18T02:31:01.633513Z","level":"info","event":" 'params': {},","logger":"task.stdout"}
{"timestamp":"2025-10-18T02:31:01.643082Z","level":"info","event":" 'prev_data_interval_end_success': <Proxy at 0x716c7298f340 with factory <function RuntimeTaskInstance.get_template_context.<locals>.<lambda> at 0x716c72b78680>>,","logger":"task.stdout"}
{"timestamp":"2025-10-18T02:31:01.643319Z","level":"info","event":" 'prev_data_interval_start_success': <Proxy at 0x716c7298e140 with factory <function RuntimeTaskInstance.get_template_context.<locals>.<lambda> at 0x716c72b6b420>>,","logger":"task.stdout"}
{"timestamp":"2025-10-18T02:31:01.643412Z","level":"info","event":" 'prev_end_date_success': <Proxy at 0x716c7298dd40 with factory <function RuntimeTaskInstance.get_template_context.<locals>.<lambda> at 0x716c72b6afc0>>,","logger":"task.stdout"}
{"timestamp":"2025-10-18T02:31:01.643452Z","level":"info","event":" 'prev_start_date_success': <Proxy at 0x716c72b410c0 with factory <function RuntimeTaskInstance.get_template_context.<locals>.<lambda> at 0x716c72b6aca0>>,","logger":"task.stdout"}
{"timestamp":"2025-10-18T02:31:01.643476Z","level":"info","event":" 'run_id': 'scheduled__2025-10-18T02:31:00+00:00',","logger":"task.stdout"}
{"timestamp":"2025-10-18T02:31:01.643499Z","level":"info","event":" 'task': <Task(PythonOperator): python>,","logger":"task.stdout"}
{"timestamp":"2025-10-18T02:31:01.643554Z","level":"info","event":" 'task_instance': RuntimeTaskInstance(id=UUID('0199f527-f2d4-7b8f-98e2-15ac6c8a84ce'), task_id='python', dag_id='python_operator_v1', run_id='scheduled__2025-10-18T02:31:00+00:00', try_number=1, dag_version_id=UUID('0199f51d-f58d-7d44-9eec-7e8621103e49'), map_index=-1, hostname='d3ad80844e63', context_carrier={}, task=<Task(PythonOperator): python>, bundle_instance=LocalDagBundle(name=dags-folder), max_tries=0, start_date=datetime.datetime(2025, 10, 18, 2, 31, 1, 179492, tzinfo=datetime.timezone.utc), end_date=None, state=<TaskInstanceState.RUNNING: 'running'>, is_mapped=False, rendered_map_index=None),","logger":"task.stdout"}
{"timestamp":"2025-10-18T02:31:01.643584Z","level":"info","event":" 'task_instance_key_str': 'python_operator_v1__python__20251018',","logger":"task.stdout"}
{"timestamp":"2025-10-18T02:31:01.643608Z","level":"info","event":" 'task_reschedule_count': 0,","logger":"task.stdout"}
{"timestamp":"2025-10-18T02:31:01.643629Z","level":"info","event":" 'templates_dict': None,","logger":"task.stdout"}
{"timestamp":"2025-10-18T02:31:01.643653Z","level":"info","event":" 'ti': RuntimeTaskInstance(id=UUID('0199f527-f2d4-7b8f-98e2-15ac6c8a84ce'), task_id='python', dag_id='python_operator_v1', run_id='scheduled__2025-10-18T02:31:00+00:00', try_number=1, dag_version_id=UUID('0199f51d-f58d-7d44-9eec-7e8621103e49'), map_index=-1, hostname='d3ad80844e63', context_carrier={}, task=<Task(PythonOperator): python>, bundle_instance=LocalDagBundle(name=dags-folder), max_tries=0, start_date=datetime.datetime(2025, 10, 18, 2, 31, 1, 179492, tzinfo=datetime.timezone.utc), end_date=None, state=<TaskInstanceState.RUNNING: 'running'>, is_mapped=False, rendered_map_index=None),","logger":"task.stdout"}
{"timestamp":"2025-10-18T02:31:01.643678Z","level":"info","event":" 'triggering_asset_events': TriggeringAssetEventsAccessor(_events=defaultdict(<class 'list'>, {})),","logger":"task.stdout"}
{"timestamp":"2025-10-18T02:31:01.643699Z","level":"info","event":" 'ts': '2025-10-18T02:31:00+00:00',","logger":"task.stdout"}
{"timestamp":"2025-10-18T02:31:01.643719Z","level":"info","event":" 'ts_nodash': '20251018T023100',","logger":"task.stdout"}
{"timestamp":"2025-10-18T02:31:01.643740Z","level":"info","event":" 'ts_nodash_with_tz': '20251018T023100+0000',","logger":"task.stdout"}
{"timestamp":"2025-10-18T02:31:01.643762Z","level":"info","event":" 'var': {'json': <VariableAccessor (dynamic access)>,","logger":"task.stdout"}
{"timestamp":"2025-10-18T02:31:01.643784Z","level":"info","event":"         'value': <VariableAccessor (dynamic access)>}}","logger":"task.stdout"}
{"timestamp":"2025-10-18T02:31:01.643945Z","level":"info","event":"Done. Returned value was: 123","logger":"airflow.task.operators.airflow.providers.standard.operators.python.PythonOperator","filename":"python.py","lineno":218}
{"timestamp":"2025-10-18T02:31:01.644320Z","level":"info","event":"Pushing xcom","ti":"RuntimeTaskInstance(id=UUID('0199f527-f2d4-7b8f-98e2-15ac6c8a84ce'), task_id='python', dag_id='python_operator_v1', run_id='scheduled__2025-10-18T02:31:00+00:00', try_number=1, dag_version_id=UUID('0199f51d-f58d-7d44-9eec-7e8621103e49'), map_index=-1, hostname='d3ad80844e63', context_carrier={}, task=<Task(PythonOperator): python>, bundle_instance=LocalDagBundle(name=dags-folder), max_tries=0, start_date=datetime.datetime(2025, 10, 18, 2, 31, 1, 179492, tzinfo=datetime.timezone.utc), end_date=None, state=<TaskInstanceState.RUNNING: 'running'>, is_mapped=False, rendered_map_index=None)","logger":"task","filename":"task_runner.py","lineno":1352}
{"timestamp":"2025-10-18T02:31:01.673994Z","level":"info","event":"Task instance in success state","logger":"task.stdout"}
{"timestamp":"2025-10-18T02:31:01.674136Z","level":"info","event":" Previous state of the Task instance: TaskInstanceState.RUNNING","logger":"task.stdout"}
{"timestamp":"2025-10-18T02:31:01.674225Z","level":"info","event":"Task operator:<Task(PythonOperator): python>","logger":"task.stdout"}
