{"timestamp":"2025-10-18T02:44:01.513958Z","level":"info","event":"DAG bundles loaded: dags-folder, example_dags","logger":"airflow.dag_processing.bundles.manager.DagBundlesManager","filename":"manager.py","lineno":179}
{"timestamp":"2025-10-18T02:44:01.514569Z","level":"info","event":"Filling up the DagBag from /opt/airflow/dags/python_operator_v1.py","logger":"airflow.models.dagbag.DagBag","filename":"dagbag.py","lineno":593}
{"timestamp":"2025-10-18T02:44:01.546572Z","level":"info","event":"Task instance is in running state","logger":"task.stdout"}
{"timestamp":"2025-10-18T02:44:01.546808Z","level":"info","event":" Previous state of the Task instance: TaskInstanceState.QUEUED","logger":"task.stdout"}
{"timestamp":"2025-10-18T02:44:01.546932Z","level":"info","event":"Current task name:python","logger":"task.stdout"}
{"timestamp":"2025-10-18T02:44:01.546967Z","level":"info","event":"Dag name:python_operator_v1","logger":"task.stdout"}
{"timestamp":"2025-10-18T02:44:01.549316Z","level":"info","event":"andre","logger":"task.stdout"}
{"timestamp":"2025-10-18T02:44:01.549897Z","level":"info","event":"{'conn': <ConnectionAccessor (dynamic access)>,","logger":"task.stdout"}
{"timestamp":"2025-10-18T02:44:01.549992Z","level":"info","event":" 'dag': <DAG: python_operator_v1>,","logger":"task.stdout"}
{"timestamp":"2025-10-18T02:44:01.550077Z","level":"info","event":" 'dag_run': DagRun(dag_id='python_operator_v1', run_id='scheduled__2025-10-18T02:44:00+00:00', logical_date=datetime.datetime(2025, 10, 18, 2, 44, tzinfo=datetime.timezone.utc), data_interval_start=datetime.datetime(2025, 10, 18, 2, 44, tzinfo=datetime.timezone.utc), data_interval_end=datetime.datetime(2025, 10, 18, 2, 44, tzinfo=datetime.timezone.utc), run_after=datetime.datetime(2025, 10, 18, 2, 44, tzinfo=datetime.timezone.utc), start_date=datetime.datetime(2025, 10, 18, 2, 44, 0, 311143, tzinfo=datetime.timezone.utc), end_date=None, clear_number=0, run_type=<DagRunType.SCHEDULED: 'scheduled'>, state=<DagRunState.RUNNING: 'running'>, conf={}, consumed_asset_events=[]),","logger":"task.stdout"}
{"timestamp":"2025-10-18T02:44:01.550111Z","level":"info","event":" 'data_interval_end': DateTime(2025, 10, 18, 2, 44, 0, tzinfo=Timezone('UTC')),","logger":"task.stdout"}
{"timestamp":"2025-10-18T02:44:01.550135Z","level":"info","event":" 'data_interval_start': DateTime(2025, 10, 18, 2, 44, 0, tzinfo=Timezone('UTC')),","logger":"task.stdout"}
{"timestamp":"2025-10-18T02:44:01.550157Z","level":"info","event":" 'ds': '2025-10-18',","logger":"task.stdout"}
{"timestamp":"2025-10-18T02:44:01.550182Z","level":"info","event":" 'ds_nodash': '20251018',","logger":"task.stdout"}
{"timestamp":"2025-10-18T02:44:01.550204Z","level":"info","event":" 'inlet_events': InletEventsAccessors(_inlets=[], _assets={}, _asset_aliases={}),","logger":"task.stdout"}
{"timestamp":"2025-10-18T02:44:01.550226Z","level":"info","event":" 'inlets': [],","logger":"task.stdout"}
{"timestamp":"2025-10-18T02:44:01.550248Z","level":"info","event":" 'logical_date': DateTime(2025, 10, 18, 2, 44, 0, tzinfo=Timezone('UTC')),","logger":"task.stdout"}
{"timestamp":"2025-10-18T02:44:01.550268Z","level":"info","event":" 'macros': <MacrosAccessor (dynamic access to macros)>,","logger":"task.stdout"}
{"timestamp":"2025-10-18T02:44:01.550290Z","level":"info","event":" 'map_index_template': None,","logger":"task.stdout"}
{"timestamp":"2025-10-18T02:44:01.550310Z","level":"info","event":" 'outlet_events': <airflow.sdk.execution_time.context.OutletEventAccessors object at 0x716c912ab2c0>,","logger":"task.stdout"}
{"timestamp":"2025-10-18T02:44:01.550330Z","level":"info","event":" 'outlets': [],","logger":"task.stdout"}
{"timestamp":"2025-10-18T02:44:01.550350Z","level":"info","event":" 'params': {},","logger":"task.stdout"}
{"timestamp":"2025-10-18T02:44:01.562455Z","level":"info","event":" 'prev_data_interval_end_success': <Proxy at 0x716c72995a00 with factory <function RuntimeTaskInstance.get_template_context.<locals>.<lambda> at 0x716c72b80d60>>,","logger":"task.stdout"}
{"timestamp":"2025-10-18T02:44:01.562612Z","level":"info","event":" 'prev_data_interval_start_success': <Proxy at 0x716c72995940 with factory <function RuntimeTaskInstance.get_template_context.<locals>.<lambda> at 0x716c72b6fb00>>,","logger":"task.stdout"}
{"timestamp":"2025-10-18T02:44:01.562670Z","level":"info","event":" 'prev_end_date_success': <Proxy at 0x716c72b4cbc0 with factory <function RuntimeTaskInstance.get_template_context.<locals>.<lambda> at 0x716c72b6f6a0>>,","logger":"task.stdout"}
{"timestamp":"2025-10-18T02:44:01.562703Z","level":"info","event":" 'prev_start_date_success': <Proxy at 0x716c72b7dc80 with factory <function RuntimeTaskInstance.get_template_context.<locals>.<lambda> at 0x716c72b6f380>>,","logger":"task.stdout"}
{"timestamp":"2025-10-18T02:44:01.562726Z","level":"info","event":" 'run_id': 'scheduled__2025-10-18T02:44:00+00:00',","logger":"task.stdout"}
{"timestamp":"2025-10-18T02:44:01.562748Z","level":"info","event":" 'task': <Task(PythonOperator): python>,","logger":"task.stdout"}
{"timestamp":"2025-10-18T02:44:01.562773Z","level":"info","event":" 'task_instance': RuntimeTaskInstance(id=UUID('0199f533-daaf-7920-b87e-8544137359e3'), task_id='python', dag_id='python_operator_v1', run_id='scheduled__2025-10-18T02:44:00+00:00', try_number=1, dag_version_id=UUID('0199f51d-f58d-7d44-9eec-7e8621103e49'), map_index=-1, hostname='d3ad80844e63', context_carrier={}, task=<Task(PythonOperator): python>, bundle_instance=LocalDagBundle(name=dags-folder), max_tries=0, start_date=datetime.datetime(2025, 10, 18, 2, 44, 1, 90195, tzinfo=datetime.timezone.utc), end_date=None, state=<TaskInstanceState.RUNNING: 'running'>, is_mapped=False, rendered_map_index=None),","logger":"task.stdout"}
{"timestamp":"2025-10-18T02:44:01.562798Z","level":"info","event":" 'task_instance_key_str': 'python_operator_v1__python__20251018',","logger":"task.stdout"}
{"timestamp":"2025-10-18T02:44:01.562822Z","level":"info","event":" 'task_reschedule_count': 0,","logger":"task.stdout"}
{"timestamp":"2025-10-18T02:44:01.562868Z","level":"info","event":" 'templates_dict': None,","logger":"task.stdout"}
{"timestamp":"2025-10-18T02:44:01.562902Z","level":"info","event":" 'ti': RuntimeTaskInstance(id=UUID('0199f533-daaf-7920-b87e-8544137359e3'), task_id='python', dag_id='python_operator_v1', run_id='scheduled__2025-10-18T02:44:00+00:00', try_number=1, dag_version_id=UUID('0199f51d-f58d-7d44-9eec-7e8621103e49'), map_index=-1, hostname='d3ad80844e63', context_carrier={}, task=<Task(PythonOperator): python>, bundle_instance=LocalDagBundle(name=dags-folder), max_tries=0, start_date=datetime.datetime(2025, 10, 18, 2, 44, 1, 90195, tzinfo=datetime.timezone.utc), end_date=None, state=<TaskInstanceState.RUNNING: 'running'>, is_mapped=False, rendered_map_index=None),","logger":"task.stdout"}
{"timestamp":"2025-10-18T02:44:01.562926Z","level":"info","event":" 'triggering_asset_events': TriggeringAssetEventsAccessor(_events=defaultdict(<class 'list'>, {})),","logger":"task.stdout"}
{"timestamp":"2025-10-18T02:44:01.562948Z","level":"info","event":" 'ts': '2025-10-18T02:44:00+00:00',","logger":"task.stdout"}
{"timestamp":"2025-10-18T02:44:01.562971Z","level":"info","event":" 'ts_nodash': '20251018T024400',","logger":"task.stdout"}
{"timestamp":"2025-10-18T02:44:01.562992Z","level":"info","event":" 'ts_nodash_with_tz': '20251018T024400+0000',","logger":"task.stdout"}
{"timestamp":"2025-10-18T02:44:01.563044Z","level":"info","event":" 'var': {'json': <VariableAccessor (dynamic access)>,","logger":"task.stdout"}
{"timestamp":"2025-10-18T02:44:01.563079Z","level":"info","event":"         'value': <VariableAccessor (dynamic access)>}}","logger":"task.stdout"}
{"timestamp":"2025-10-18T02:44:01.563147Z","level":"info","event":"Done. Returned value was: 123","logger":"airflow.task.operators.airflow.providers.standard.operators.python.PythonOperator","filename":"python.py","lineno":218}
{"timestamp":"2025-10-18T02:44:01.563474Z","level":"info","event":"Pushing xcom","ti":"RuntimeTaskInstance(id=UUID('0199f533-daaf-7920-b87e-8544137359e3'), task_id='python', dag_id='python_operator_v1', run_id='scheduled__2025-10-18T02:44:00+00:00', try_number=1, dag_version_id=UUID('0199f51d-f58d-7d44-9eec-7e8621103e49'), map_index=-1, hostname='d3ad80844e63', context_carrier={}, task=<Task(PythonOperator): python>, bundle_instance=LocalDagBundle(name=dags-folder), max_tries=0, start_date=datetime.datetime(2025, 10, 18, 2, 44, 1, 90195, tzinfo=datetime.timezone.utc), end_date=None, state=<TaskInstanceState.RUNNING: 'running'>, is_mapped=False, rendered_map_index=None)","logger":"task","filename":"task_runner.py","lineno":1352}
{"timestamp":"2025-10-18T02:44:01.595568Z","level":"info","event":"Task instance in success state","logger":"task.stdout"}
{"timestamp":"2025-10-18T02:44:01.595835Z","level":"info","event":" Previous state of the Task instance: TaskInstanceState.RUNNING","logger":"task.stdout"}
{"timestamp":"2025-10-18T02:44:01.595950Z","level":"info","event":"Task operator:<Task(PythonOperator): python>","logger":"task.stdout"}
