{"timestamp":"2025-10-18T02:41:01.682220Z","level":"info","event":"DAG bundles loaded: dags-folder, example_dags","logger":"airflow.dag_processing.bundles.manager.DagBundlesManager","filename":"manager.py","lineno":179}
{"timestamp":"2025-10-18T02:41:01.682800Z","level":"info","event":"Filling up the DagBag from /opt/airflow/dags/python_operator_v1.py","logger":"airflow.models.dagbag.DagBag","filename":"dagbag.py","lineno":593}
{"timestamp":"2025-10-18T02:41:01.710978Z","level":"info","event":"Task instance is in running state","logger":"task.stdout"}
{"timestamp":"2025-10-18T02:41:01.711149Z","level":"info","event":" Previous state of the Task instance: TaskInstanceState.QUEUED","logger":"task.stdout"}
{"timestamp":"2025-10-18T02:41:01.711265Z","level":"info","event":"Current task name:python","logger":"task.stdout"}
{"timestamp":"2025-10-18T02:41:01.711306Z","level":"info","event":"Dag name:python_operator_v1","logger":"task.stdout"}
{"timestamp":"2025-10-18T02:41:01.714118Z","level":"info","event":"andre","logger":"task.stdout"}
{"timestamp":"2025-10-18T02:41:01.714672Z","level":"info","event":"{'conn': <ConnectionAccessor (dynamic access)>,","logger":"task.stdout"}
{"timestamp":"2025-10-18T02:41:01.714753Z","level":"info","event":" 'dag': <DAG: python_operator_v1>,","logger":"task.stdout"}
{"timestamp":"2025-10-18T02:41:01.714832Z","level":"info","event":" 'dag_run': DagRun(dag_id='python_operator_v1', run_id='scheduled__2025-10-18T02:41:00+00:00', logical_date=datetime.datetime(2025, 10, 18, 2, 41, tzinfo=datetime.timezone.utc), data_interval_start=datetime.datetime(2025, 10, 18, 2, 41, tzinfo=datetime.timezone.utc), data_interval_end=datetime.datetime(2025, 10, 18, 2, 41, tzinfo=datetime.timezone.utc), run_after=datetime.datetime(2025, 10, 18, 2, 41, tzinfo=datetime.timezone.utc), start_date=datetime.datetime(2025, 10, 18, 2, 41, 0, 390264, tzinfo=datetime.timezone.utc), end_date=None, clear_number=0, run_type=<DagRunType.SCHEDULED: 'scheduled'>, state=<DagRunState.RUNNING: 'running'>, conf={}, consumed_asset_events=[]),","logger":"task.stdout"}
{"timestamp":"2025-10-18T02:41:01.714867Z","level":"info","event":" 'data_interval_end': DateTime(2025, 10, 18, 2, 41, 0, tzinfo=Timezone('UTC')),","logger":"task.stdout"}
{"timestamp":"2025-10-18T02:41:01.714891Z","level":"info","event":" 'data_interval_start': DateTime(2025, 10, 18, 2, 41, 0, tzinfo=Timezone('UTC')),","logger":"task.stdout"}
{"timestamp":"2025-10-18T02:41:01.714914Z","level":"info","event":" 'ds': '2025-10-18',","logger":"task.stdout"}
{"timestamp":"2025-10-18T02:41:01.714940Z","level":"info","event":" 'ds_nodash': '20251018',","logger":"task.stdout"}
{"timestamp":"2025-10-18T02:41:01.714961Z","level":"info","event":" 'inlet_events': InletEventsAccessors(_inlets=[], _assets={}, _asset_aliases={}),","logger":"task.stdout"}
{"timestamp":"2025-10-18T02:41:01.714981Z","level":"info","event":" 'inlets': [],","logger":"task.stdout"}
{"timestamp":"2025-10-18T02:41:01.715001Z","level":"info","event":" 'logical_date': DateTime(2025, 10, 18, 2, 41, 0, tzinfo=Timezone('UTC')),","logger":"task.stdout"}
{"timestamp":"2025-10-18T02:41:01.715022Z","level":"info","event":" 'macros': <MacrosAccessor (dynamic access to macros)>,","logger":"task.stdout"}
{"timestamp":"2025-10-18T02:41:01.715044Z","level":"info","event":" 'map_index_template': None,","logger":"task.stdout"}
{"timestamp":"2025-10-18T02:41:01.715091Z","level":"info","event":" 'outlet_events': <airflow.sdk.execution_time.context.OutletEventAccessors object at 0x716c84ab71a0>,","logger":"task.stdout"}
{"timestamp":"2025-10-18T02:41:01.715121Z","level":"info","event":" 'outlets': [],","logger":"task.stdout"}
{"timestamp":"2025-10-18T02:41:01.715144Z","level":"info","event":" 'params': {},","logger":"task.stdout"}
{"timestamp":"2025-10-18T02:41:01.724742Z","level":"info","event":" 'prev_data_interval_end_success': <Proxy at 0x716c729978c0 with factory <function RuntimeTaskInstance.get_template_context.<locals>.<lambda> at 0x716c72b7a8e0>>,","logger":"task.stdout"}
{"timestamp":"2025-10-18T02:41:01.724921Z","level":"info","event":" 'prev_data_interval_start_success': <Proxy at 0x716c72b83880 with factory <function RuntimeTaskInstance.get_template_context.<locals>.<lambda> at 0x716c72b79760>>,","logger":"task.stdout"}
{"timestamp":"2025-10-18T02:41:01.724985Z","level":"info","event":" 'prev_end_date_success': <Proxy at 0x716c72996600 with factory <function RuntimeTaskInstance.get_template_context.<locals>.<lambda> at 0x716c72b7aa20>>,","logger":"task.stdout"}
{"timestamp":"2025-10-18T02:41:01.725012Z","level":"info","event":" 'prev_start_date_success': <Proxy at 0x716c72995c80 with factory <function RuntimeTaskInstance.get_template_context.<locals>.<lambda> at 0x716c72b78fe0>>,","logger":"task.stdout"}
{"timestamp":"2025-10-18T02:41:01.725036Z","level":"info","event":" 'run_id': 'scheduled__2025-10-18T02:41:00+00:00',","logger":"task.stdout"}
{"timestamp":"2025-10-18T02:41:01.725108Z","level":"info","event":" 'task': <Task(PythonOperator): python>,","logger":"task.stdout"}
{"timestamp":"2025-10-18T02:41:01.725141Z","level":"info","event":" 'task_instance': RuntimeTaskInstance(id=UUID('0199f531-1bde-7f0b-a259-8d50390819bc'), task_id='python', dag_id='python_operator_v1', run_id='scheduled__2025-10-18T02:41:00+00:00', try_number=1, dag_version_id=UUID('0199f51d-f58d-7d44-9eec-7e8621103e49'), map_index=-1, hostname='d3ad80844e63', context_carrier={}, task=<Task(PythonOperator): python>, bundle_instance=LocalDagBundle(name=dags-folder), max_tries=0, start_date=datetime.datetime(2025, 10, 18, 2, 41, 1, 268731, tzinfo=datetime.timezone.utc), end_date=None, state=<TaskInstanceState.RUNNING: 'running'>, is_mapped=False, rendered_map_index=None),","logger":"task.stdout"}
{"timestamp":"2025-10-18T02:41:01.725167Z","level":"info","event":" 'task_instance_key_str': 'python_operator_v1__python__20251018',","logger":"task.stdout"}
{"timestamp":"2025-10-18T02:41:01.725188Z","level":"info","event":" 'task_reschedule_count': 0,","logger":"task.stdout"}
{"timestamp":"2025-10-18T02:41:01.725209Z","level":"info","event":" 'templates_dict': None,","logger":"task.stdout"}
{"timestamp":"2025-10-18T02:41:01.725231Z","level":"info","event":" 'ti': RuntimeTaskInstance(id=UUID('0199f531-1bde-7f0b-a259-8d50390819bc'), task_id='python', dag_id='python_operator_v1', run_id='scheduled__2025-10-18T02:41:00+00:00', try_number=1, dag_version_id=UUID('0199f51d-f58d-7d44-9eec-7e8621103e49'), map_index=-1, hostname='d3ad80844e63', context_carrier={}, task=<Task(PythonOperator): python>, bundle_instance=LocalDagBundle(name=dags-folder), max_tries=0, start_date=datetime.datetime(2025, 10, 18, 2, 41, 1, 268731, tzinfo=datetime.timezone.utc), end_date=None, state=<TaskInstanceState.RUNNING: 'running'>, is_mapped=False, rendered_map_index=None),","logger":"task.stdout"}
{"timestamp":"2025-10-18T02:41:01.725254Z","level":"info","event":" 'triggering_asset_events': TriggeringAssetEventsAccessor(_events=defaultdict(<class 'list'>, {})),","logger":"task.stdout"}
{"timestamp":"2025-10-18T02:41:01.725274Z","level":"info","event":" 'ts': '2025-10-18T02:41:00+00:00',","logger":"task.stdout"}
{"timestamp":"2025-10-18T02:41:01.725293Z","level":"info","event":" 'ts_nodash': '20251018T024100',","logger":"task.stdout"}
{"timestamp":"2025-10-18T02:41:01.725312Z","level":"info","event":" 'ts_nodash_with_tz': '20251018T024100+0000',","logger":"task.stdout"}
{"timestamp":"2025-10-18T02:41:01.725331Z","level":"info","event":" 'var': {'json': <VariableAccessor (dynamic access)>,","logger":"task.stdout"}
{"timestamp":"2025-10-18T02:41:01.725351Z","level":"info","event":"         'value': <VariableAccessor (dynamic access)>}}","logger":"task.stdout"}
{"timestamp":"2025-10-18T02:41:01.725513Z","level":"info","event":"Done. Returned value was: 123","logger":"airflow.task.operators.airflow.providers.standard.operators.python.PythonOperator","filename":"python.py","lineno":218}
{"timestamp":"2025-10-18T02:41:01.725803Z","level":"info","event":"Pushing xcom","ti":"RuntimeTaskInstance(id=UUID('0199f531-1bde-7f0b-a259-8d50390819bc'), task_id='python', dag_id='python_operator_v1', run_id='scheduled__2025-10-18T02:41:00+00:00', try_number=1, dag_version_id=UUID('0199f51d-f58d-7d44-9eec-7e8621103e49'), map_index=-1, hostname='d3ad80844e63', context_carrier={}, task=<Task(PythonOperator): python>, bundle_instance=LocalDagBundle(name=dags-folder), max_tries=0, start_date=datetime.datetime(2025, 10, 18, 2, 41, 1, 268731, tzinfo=datetime.timezone.utc), end_date=None, state=<TaskInstanceState.RUNNING: 'running'>, is_mapped=False, rendered_map_index=None)","logger":"task","filename":"task_runner.py","lineno":1352}
{"timestamp":"2025-10-18T02:41:01.748862Z","level":"info","event":"Task instance in success state","logger":"task.stdout"}
{"timestamp":"2025-10-18T02:41:01.749025Z","level":"info","event":" Previous state of the Task instance: TaskInstanceState.RUNNING","logger":"task.stdout"}
{"timestamp":"2025-10-18T02:41:01.749125Z","level":"info","event":"Task operator:<Task(PythonOperator): python>","logger":"task.stdout"}
