{"timestamp":"2025-10-18T02:32:01.677739Z","level":"info","event":"DAG bundles loaded: dags-folder, example_dags","logger":"airflow.dag_processing.bundles.manager.DagBundlesManager","filename":"manager.py","lineno":179}
{"timestamp":"2025-10-18T02:32:01.678339Z","level":"info","event":"Filling up the DagBag from /opt/airflow/dags/python_operator_v1.py","logger":"airflow.models.dagbag.DagBag","filename":"dagbag.py","lineno":593}
{"timestamp":"2025-10-18T02:32:01.713629Z","level":"info","event":"Task instance is in running state","logger":"task.stdout"}
{"timestamp":"2025-10-18T02:32:01.713787Z","level":"info","event":" Previous state of the Task instance: TaskInstanceState.QUEUED","logger":"task.stdout"}
{"timestamp":"2025-10-18T02:32:01.713871Z","level":"info","event":"Current task name:python","logger":"task.stdout"}
{"timestamp":"2025-10-18T02:32:01.713903Z","level":"info","event":"Dag name:python_operator_v1","logger":"task.stdout"}
{"timestamp":"2025-10-18T02:32:01.715711Z","level":"info","event":"andre","logger":"task.stdout"}
{"timestamp":"2025-10-18T02:32:01.716419Z","level":"info","event":"{'conn': <ConnectionAccessor (dynamic access)>,","logger":"task.stdout"}
{"timestamp":"2025-10-18T02:32:01.716534Z","level":"info","event":" 'dag': <DAG: python_operator_v1>,","logger":"task.stdout"}
{"timestamp":"2025-10-18T02:32:01.716580Z","level":"info","event":" 'dag_run': DagRun(dag_id='python_operator_v1', run_id='scheduled__2025-10-18T02:32:00+00:00', logical_date=datetime.datetime(2025, 10, 18, 2, 32, tzinfo=datetime.timezone.utc), data_interval_start=datetime.datetime(2025, 10, 18, 2, 32, tzinfo=datetime.timezone.utc), data_interval_end=datetime.datetime(2025, 10, 18, 2, 32, tzinfo=datetime.timezone.utc), run_after=datetime.datetime(2025, 10, 18, 2, 32, tzinfo=datetime.timezone.utc), start_date=datetime.datetime(2025, 10, 18, 2, 32, 0, 89131, tzinfo=datetime.timezone.utc), end_date=None, clear_number=0, run_type=<DagRunType.SCHEDULED: 'scheduled'>, state=<DagRunState.RUNNING: 'running'>, conf={}, consumed_asset_events=[]),","logger":"task.stdout"}
{"timestamp":"2025-10-18T02:32:01.716615Z","level":"info","event":" 'data_interval_end': DateTime(2025, 10, 18, 2, 32, 0, tzinfo=Timezone('UTC')),","logger":"task.stdout"}
{"timestamp":"2025-10-18T02:32:01.716675Z","level":"info","event":" 'data_interval_start': DateTime(2025, 10, 18, 2, 32, 0, tzinfo=Timezone('UTC')),","logger":"task.stdout"}
{"timestamp":"2025-10-18T02:32:01.716704Z","level":"info","event":" 'ds': '2025-10-18',","logger":"task.stdout"}
{"timestamp":"2025-10-18T02:32:01.716733Z","level":"info","event":" 'ds_nodash': '20251018',","logger":"task.stdout"}
{"timestamp":"2025-10-18T02:32:01.716756Z","level":"info","event":" 'inlet_events': InletEventsAccessors(_inlets=[], _assets={}, _asset_aliases={}),","logger":"task.stdout"}
{"timestamp":"2025-10-18T02:32:01.716778Z","level":"info","event":" 'inlets': [],","logger":"task.stdout"}
{"timestamp":"2025-10-18T02:32:01.716801Z","level":"info","event":" 'logical_date': DateTime(2025, 10, 18, 2, 32, 0, tzinfo=Timezone('UTC')),","logger":"task.stdout"}
{"timestamp":"2025-10-18T02:32:01.716824Z","level":"info","event":" 'macros': <MacrosAccessor (dynamic access to macros)>,","logger":"task.stdout"}
{"timestamp":"2025-10-18T02:32:01.716848Z","level":"info","event":" 'map_index_template': None,","logger":"task.stdout"}
{"timestamp":"2025-10-18T02:32:01.716871Z","level":"info","event":" 'outlet_events': <airflow.sdk.execution_time.context.OutletEventAccessors object at 0x716c851b3950>,","logger":"task.stdout"}
{"timestamp":"2025-10-18T02:32:01.716894Z","level":"info","event":" 'outlets': [],","logger":"task.stdout"}
{"timestamp":"2025-10-18T02:32:01.716917Z","level":"info","event":" 'params': {},","logger":"task.stdout"}
{"timestamp":"2025-10-18T02:32:01.728131Z","level":"info","event":" 'prev_data_interval_end_success': <Proxy at 0x716c7298aec0 with factory <function RuntimeTaskInstance.get_template_context.<locals>.<lambda> at 0x716c72b745e0>>,","logger":"task.stdout"}
{"timestamp":"2025-10-18T02:32:01.728282Z","level":"info","event":" 'prev_data_interval_start_success': <Proxy at 0x716c7298ae00 with factory <function RuntimeTaskInstance.get_template_context.<locals>.<lambda> at 0x716c72b6b380>>,","logger":"task.stdout"}
{"timestamp":"2025-10-18T02:32:01.728342Z","level":"info","event":" 'prev_end_date_success': <Proxy at 0x716c72b3cd80 with factory <function RuntimeTaskInstance.get_template_context.<locals>.<lambda> at 0x716c72b6af20>>,","logger":"task.stdout"}
{"timestamp":"2025-10-18T02:32:01.728373Z","level":"info","event":" 'prev_start_date_success': <Proxy at 0x716c72b3f200 with factory <function RuntimeTaskInstance.get_template_context.<locals>.<lambda> at 0x716c72b6ac00>>,","logger":"task.stdout"}
{"timestamp":"2025-10-18T02:32:01.728396Z","level":"info","event":" 'run_id': 'scheduled__2025-10-18T02:32:00+00:00',","logger":"task.stdout"}
{"timestamp":"2025-10-18T02:32:01.728418Z","level":"info","event":" 'task': <Task(PythonOperator): python>,","logger":"task.stdout"}
{"timestamp":"2025-10-18T02:32:01.728441Z","level":"info","event":" 'task_instance': RuntimeTaskInstance(id=UUID('0199f528-dd51-7fa8-a704-deb025d38f6a'), task_id='python', dag_id='python_operator_v1', run_id='scheduled__2025-10-18T02:32:00+00:00', try_number=1, dag_version_id=UUID('0199f51d-f58d-7d44-9eec-7e8621103e49'), map_index=-1, hostname='d3ad80844e63', context_carrier={}, task=<Task(PythonOperator): python>, bundle_instance=LocalDagBundle(name=dags-folder), max_tries=0, start_date=datetime.datetime(2025, 10, 18, 2, 32, 1, 223533, tzinfo=datetime.timezone.utc), end_date=None, state=<TaskInstanceState.RUNNING: 'running'>, is_mapped=False, rendered_map_index=None),","logger":"task.stdout"}
{"timestamp":"2025-10-18T02:32:01.728466Z","level":"info","event":" 'task_instance_key_str': 'python_operator_v1__python__20251018',","logger":"task.stdout"}
{"timestamp":"2025-10-18T02:32:01.728487Z","level":"info","event":" 'task_reschedule_count': 0,","logger":"task.stdout"}
{"timestamp":"2025-10-18T02:32:01.728507Z","level":"info","event":" 'templates_dict': None,","logger":"task.stdout"}
{"timestamp":"2025-10-18T02:32:01.728583Z","level":"info","event":" 'ti': RuntimeTaskInstance(id=UUID('0199f528-dd51-7fa8-a704-deb025d38f6a'), task_id='python', dag_id='python_operator_v1', run_id='scheduled__2025-10-18T02:32:00+00:00', try_number=1, dag_version_id=UUID('0199f51d-f58d-7d44-9eec-7e8621103e49'), map_index=-1, hostname='d3ad80844e63', context_carrier={}, task=<Task(PythonOperator): python>, bundle_instance=LocalDagBundle(name=dags-folder), max_tries=0, start_date=datetime.datetime(2025, 10, 18, 2, 32, 1, 223533, tzinfo=datetime.timezone.utc), end_date=None, state=<TaskInstanceState.RUNNING: 'running'>, is_mapped=False, rendered_map_index=None),","logger":"task.stdout"}
{"timestamp":"2025-10-18T02:32:01.728611Z","level":"info","event":" 'triggering_asset_events': TriggeringAssetEventsAccessor(_events=defaultdict(<class 'list'>, {})),","logger":"task.stdout"}
{"timestamp":"2025-10-18T02:32:01.728632Z","level":"info","event":" 'ts': '2025-10-18T02:32:00+00:00',","logger":"task.stdout"}
{"timestamp":"2025-10-18T02:32:01.728652Z","level":"info","event":" 'ts_nodash': '20251018T023200',","logger":"task.stdout"}
{"timestamp":"2025-10-18T02:32:01.728671Z","level":"info","event":" 'ts_nodash_with_tz': '20251018T023200+0000',","logger":"task.stdout"}
{"timestamp":"2025-10-18T02:32:01.728690Z","level":"info","event":" 'var': {'json': <VariableAccessor (dynamic access)>,","logger":"task.stdout"}
{"timestamp":"2025-10-18T02:32:01.728710Z","level":"info","event":"         'value': <VariableAccessor (dynamic access)>}}","logger":"task.stdout"}
{"timestamp":"2025-10-18T02:32:01.728605Z","level":"info","event":"Done. Returned value was: 123","logger":"airflow.task.operators.airflow.providers.standard.operators.python.PythonOperator","filename":"python.py","lineno":218}
{"timestamp":"2025-10-18T02:32:01.728826Z","level":"info","event":"Pushing xcom","ti":"RuntimeTaskInstance(id=UUID('0199f528-dd51-7fa8-a704-deb025d38f6a'), task_id='python', dag_id='python_operator_v1', run_id='scheduled__2025-10-18T02:32:00+00:00', try_number=1, dag_version_id=UUID('0199f51d-f58d-7d44-9eec-7e8621103e49'), map_index=-1, hostname='d3ad80844e63', context_carrier={}, task=<Task(PythonOperator): python>, bundle_instance=LocalDagBundle(name=dags-folder), max_tries=0, start_date=datetime.datetime(2025, 10, 18, 2, 32, 1, 223533, tzinfo=datetime.timezone.utc), end_date=None, state=<TaskInstanceState.RUNNING: 'running'>, is_mapped=False, rendered_map_index=None)","logger":"task","filename":"task_runner.py","lineno":1352}
{"timestamp":"2025-10-18T02:32:01.758789Z","level":"info","event":"Task instance in success state","logger":"task.stdout"}
{"timestamp":"2025-10-18T02:32:01.758932Z","level":"info","event":" Previous state of the Task instance: TaskInstanceState.RUNNING","logger":"task.stdout"}
{"timestamp":"2025-10-18T02:32:01.759037Z","level":"info","event":"Task operator:<Task(PythonOperator): python>","logger":"task.stdout"}
