{"timestamp":"2025-10-18T02:46:01.446087Z","level":"info","event":"DAG bundles loaded: dags-folder, example_dags","logger":"airflow.dag_processing.bundles.manager.DagBundlesManager","filename":"manager.py","lineno":179}
{"timestamp":"2025-10-18T02:46:01.446624Z","level":"info","event":"Filling up the DagBag from /opt/airflow/dags/python_operator_v1.py","logger":"airflow.models.dagbag.DagBag","filename":"dagbag.py","lineno":593}
{"timestamp":"2025-10-18T02:46:01.475979Z","level":"info","event":"Task instance is in running state","logger":"task.stdout"}
{"timestamp":"2025-10-18T02:46:01.476115Z","level":"info","event":" Previous state of the Task instance: TaskInstanceState.QUEUED","logger":"task.stdout"}
{"timestamp":"2025-10-18T02:46:01.476232Z","level":"info","event":"Current task name:python","logger":"task.stdout"}
{"timestamp":"2025-10-18T02:46:01.476290Z","level":"info","event":"Dag name:python_operator_v1","logger":"task.stdout"}
{"timestamp":"2025-10-18T02:46:01.477870Z","level":"info","event":"andre","logger":"task.stdout"}
{"timestamp":"2025-10-18T02:46:01.478476Z","level":"info","event":"{'conn': <ConnectionAccessor (dynamic access)>,","logger":"task.stdout"}
{"timestamp":"2025-10-18T02:46:01.478557Z","level":"info","event":" 'dag': <DAG: python_operator_v1>,","logger":"task.stdout"}
{"timestamp":"2025-10-18T02:46:01.478595Z","level":"info","event":" 'dag_run': DagRun(dag_id='python_operator_v1', run_id='scheduled__2025-10-18T02:46:00+00:00', logical_date=datetime.datetime(2025, 10, 18, 2, 46, tzinfo=datetime.timezone.utc), data_interval_start=datetime.datetime(2025, 10, 18, 2, 46, tzinfo=datetime.timezone.utc), data_interval_end=datetime.datetime(2025, 10, 18, 2, 46, tzinfo=datetime.timezone.utc), run_after=datetime.datetime(2025, 10, 18, 2, 46, tzinfo=datetime.timezone.utc), start_date=datetime.datetime(2025, 10, 18, 2, 46, 0, 243757, tzinfo=datetime.timezone.utc), end_date=None, clear_number=0, run_type=<DagRunType.SCHEDULED: 'scheduled'>, state=<DagRunState.RUNNING: 'running'>, conf={}, consumed_asset_events=[]),","logger":"task.stdout"}
{"timestamp":"2025-10-18T02:46:01.478653Z","level":"info","event":" 'data_interval_end': DateTime(2025, 10, 18, 2, 46, 0, tzinfo=Timezone('UTC')),","logger":"task.stdout"}
{"timestamp":"2025-10-18T02:46:01.478680Z","level":"info","event":" 'data_interval_start': DateTime(2025, 10, 18, 2, 46, 0, tzinfo=Timezone('UTC')),","logger":"task.stdout"}
{"timestamp":"2025-10-18T02:46:01.478702Z","level":"info","event":" 'ds': '2025-10-18',","logger":"task.stdout"}
{"timestamp":"2025-10-18T02:46:01.478726Z","level":"info","event":" 'ds_nodash': '20251018',","logger":"task.stdout"}
{"timestamp":"2025-10-18T02:46:01.478747Z","level":"info","event":" 'inlet_events': InletEventsAccessors(_inlets=[], _assets={}, _asset_aliases={}),","logger":"task.stdout"}
{"timestamp":"2025-10-18T02:46:01.478766Z","level":"info","event":" 'inlets': [],","logger":"task.stdout"}
{"timestamp":"2025-10-18T02:46:01.478786Z","level":"info","event":" 'logical_date': DateTime(2025, 10, 18, 2, 46, 0, tzinfo=Timezone('UTC')),","logger":"task.stdout"}
{"timestamp":"2025-10-18T02:46:01.478807Z","level":"info","event":" 'macros': <MacrosAccessor (dynamic access to macros)>,","logger":"task.stdout"}
{"timestamp":"2025-10-18T02:46:01.478830Z","level":"info","event":" 'map_index_template': None,","logger":"task.stdout"}
{"timestamp":"2025-10-18T02:46:01.478850Z","level":"info","event":" 'outlet_events': <airflow.sdk.execution_time.context.OutletEventAccessors object at 0x716c87903230>,","logger":"task.stdout"}
{"timestamp":"2025-10-18T02:46:01.478874Z","level":"info","event":" 'outlets': [],","logger":"task.stdout"}
{"timestamp":"2025-10-18T02:46:01.478896Z","level":"info","event":" 'params': {},","logger":"task.stdout"}
{"timestamp":"2025-10-18T02:46:01.490313Z","level":"info","event":" 'prev_data_interval_end_success': <Proxy at 0x716c72b77900 with factory <function RuntimeTaskInstance.get_template_context.<locals>.<lambda> at 0x716c72b602c0>>,","logger":"task.stdout"}
{"timestamp":"2025-10-18T02:46:01.490522Z","level":"info","event":" 'prev_data_interval_start_success': <Proxy at 0x716c72b76140 with factory <function RuntimeTaskInstance.get_template_context.<locals>.<lambda> at 0x716c72b57060>>,","logger":"task.stdout"}
{"timestamp":"2025-10-18T02:46:01.490631Z","level":"info","event":" 'prev_end_date_success': <Proxy at 0x716c72b75d40 with factory <function RuntimeTaskInstance.get_template_context.<locals>.<lambda> at 0x716c72b56c00>>,","logger":"task.stdout"}
{"timestamp":"2025-10-18T02:46:01.490704Z","level":"info","event":" 'prev_start_date_success': <Proxy at 0x716c72b581c0 with factory <function RuntimeTaskInstance.get_template_context.<locals>.<lambda> at 0x716c72b565c0>>,","logger":"task.stdout"}
{"timestamp":"2025-10-18T02:46:01.490779Z","level":"info","event":" 'run_id': 'scheduled__2025-10-18T02:46:00+00:00',","logger":"task.stdout"}
{"timestamp":"2025-10-18T02:46:01.490946Z","level":"info","event":" 'task': <Task(PythonOperator): python>,","logger":"task.stdout"}
{"timestamp":"2025-10-18T02:46:01.491057Z","level":"info","event":" 'task_instance': RuntimeTaskInstance(id=UUID('0199f535-af27-73b8-85e5-cd1fd1edb587'), task_id='python', dag_id='python_operator_v1', run_id='scheduled__2025-10-18T02:46:00+00:00', try_number=1, dag_version_id=UUID('0199f51d-f58d-7d44-9eec-7e8621103e49'), map_index=-1, hostname='d3ad80844e63', context_carrier={}, task=<Task(PythonOperator): python>, bundle_instance=LocalDagBundle(name=dags-folder), max_tries=0, start_date=datetime.datetime(2025, 10, 18, 2, 46, 1, 92383, tzinfo=datetime.timezone.utc), end_date=None, state=<TaskInstanceState.RUNNING: 'running'>, is_mapped=False, rendered_map_index=None),","logger":"task.stdout"}
{"timestamp":"2025-10-18T02:46:01.491134Z","level":"info","event":" 'task_instance_key_str': 'python_operator_v1__python__20251018',","logger":"task.stdout"}
{"timestamp":"2025-10-18T02:46:01.491225Z","level":"info","event":" 'task_reschedule_count': 0,","logger":"task.stdout"}
{"timestamp":"2025-10-18T02:46:01.491331Z","level":"info","event":" 'templates_dict': None,","logger":"task.stdout"}
{"timestamp":"2025-10-18T02:46:01.491473Z","level":"info","event":" 'ti': RuntimeTaskInstance(id=UUID('0199f535-af27-73b8-85e5-cd1fd1edb587'), task_id='python', dag_id='python_operator_v1', run_id='scheduled__2025-10-18T02:46:00+00:00', try_number=1, dag_version_id=UUID('0199f51d-f58d-7d44-9eec-7e8621103e49'), map_index=-1, hostname='d3ad80844e63', context_carrier={}, task=<Task(PythonOperator): python>, bundle_instance=LocalDagBundle(name=dags-folder), max_tries=0, start_date=datetime.datetime(2025, 10, 18, 2, 46, 1, 92383, tzinfo=datetime.timezone.utc), end_date=None, state=<TaskInstanceState.RUNNING: 'running'>, is_mapped=False, rendered_map_index=None),","logger":"task.stdout"}
{"timestamp":"2025-10-18T02:46:01.491559Z","level":"info","event":" 'triggering_asset_events': TriggeringAssetEventsAccessor(_events=defaultdict(<class 'list'>, {})),","logger":"task.stdout"}
{"timestamp":"2025-10-18T02:46:01.491598Z","level":"info","event":" 'ts': '2025-10-18T02:46:00+00:00',","logger":"task.stdout"}
{"timestamp":"2025-10-18T02:46:01.491623Z","level":"info","event":" 'ts_nodash': '20251018T024600',","logger":"task.stdout"}
{"timestamp":"2025-10-18T02:46:01.491645Z","level":"info","event":" 'ts_nodash_with_tz': '20251018T024600+0000',","logger":"task.stdout"}
{"timestamp":"2025-10-18T02:46:01.491667Z","level":"info","event":" 'var': {'json': <VariableAccessor (dynamic access)>,","logger":"task.stdout"}
{"timestamp":"2025-10-18T02:46:01.491688Z","level":"info","event":"         'value': <VariableAccessor (dynamic access)>}}","logger":"task.stdout"}
{"timestamp":"2025-10-18T02:46:01.490837Z","level":"info","event":"Done. Returned value was: 123","logger":"airflow.task.operators.airflow.providers.standard.operators.python.PythonOperator","filename":"python.py","lineno":218}
{"timestamp":"2025-10-18T02:46:01.491058Z","level":"info","event":"Pushing xcom","ti":"RuntimeTaskInstance(id=UUID('0199f535-af27-73b8-85e5-cd1fd1edb587'), task_id='python', dag_id='python_operator_v1', run_id='scheduled__2025-10-18T02:46:00+00:00', try_number=1, dag_version_id=UUID('0199f51d-f58d-7d44-9eec-7e8621103e49'), map_index=-1, hostname='d3ad80844e63', context_carrier={}, task=<Task(PythonOperator): python>, bundle_instance=LocalDagBundle(name=dags-folder), max_tries=0, start_date=datetime.datetime(2025, 10, 18, 2, 46, 1, 92383, tzinfo=datetime.timezone.utc), end_date=None, state=<TaskInstanceState.RUNNING: 'running'>, is_mapped=False, rendered_map_index=None)","logger":"task","filename":"task_runner.py","lineno":1352}
{"timestamp":"2025-10-18T02:46:01.521646Z","level":"info","event":"Task instance in success state","logger":"task.stdout"}
{"timestamp":"2025-10-18T02:46:01.521791Z","level":"info","event":" Previous state of the Task instance: TaskInstanceState.RUNNING","logger":"task.stdout"}
{"timestamp":"2025-10-18T02:46:01.521876Z","level":"info","event":"Task operator:<Task(PythonOperator): python>","logger":"task.stdout"}
