{"timestamp":"2025-10-18T02:36:02.081248Z","level":"info","event":"DAG bundles loaded: dags-folder, example_dags","logger":"airflow.dag_processing.bundles.manager.DagBundlesManager","filename":"manager.py","lineno":179}
{"timestamp":"2025-10-18T02:36:02.081707Z","level":"info","event":"Filling up the DagBag from /opt/airflow/dags/python_operator_v1.py","logger":"airflow.models.dagbag.DagBag","filename":"dagbag.py","lineno":593}
{"timestamp":"2025-10-18T02:36:02.118070Z","level":"info","event":"Task instance is in running state","logger":"task.stdout"}
{"timestamp":"2025-10-18T02:36:02.118232Z","level":"info","event":" Previous state of the Task instance: TaskInstanceState.QUEUED","logger":"task.stdout"}
{"timestamp":"2025-10-18T02:36:02.118327Z","level":"info","event":"Current task name:python","logger":"task.stdout"}
{"timestamp":"2025-10-18T02:36:02.118385Z","level":"info","event":"Dag name:python_operator_v1","logger":"task.stdout"}
{"timestamp":"2025-10-18T02:36:02.119885Z","level":"info","event":"andre","logger":"task.stdout"}
{"timestamp":"2025-10-18T02:36:02.120490Z","level":"info","event":"{'conn': <ConnectionAccessor (dynamic access)>,","logger":"task.stdout"}
{"timestamp":"2025-10-18T02:36:02.120568Z","level":"info","event":" 'dag': <DAG: python_operator_v1>,","logger":"task.stdout"}
{"timestamp":"2025-10-18T02:36:02.120640Z","level":"info","event":" 'dag_run': DagRun(dag_id='python_operator_v1', run_id='scheduled__2025-10-18T02:36:00+00:00', logical_date=datetime.datetime(2025, 10, 18, 2, 36, tzinfo=datetime.timezone.utc), data_interval_start=datetime.datetime(2025, 10, 18, 2, 36, tzinfo=datetime.timezone.utc), data_interval_end=datetime.datetime(2025, 10, 18, 2, 36, tzinfo=datetime.timezone.utc), run_after=datetime.datetime(2025, 10, 18, 2, 36, tzinfo=datetime.timezone.utc), start_date=datetime.datetime(2025, 10, 18, 2, 36, 0, 784619, tzinfo=datetime.timezone.utc), end_date=None, clear_number=0, run_type=<DagRunType.SCHEDULED: 'scheduled'>, state=<DagRunState.RUNNING: 'running'>, conf={}, consumed_asset_events=[]),","logger":"task.stdout"}
{"timestamp":"2025-10-18T02:36:02.120690Z","level":"info","event":" 'data_interval_end': DateTime(2025, 10, 18, 2, 36, 0, tzinfo=Timezone('UTC')),","logger":"task.stdout"}
{"timestamp":"2025-10-18T02:36:02.120724Z","level":"info","event":" 'data_interval_start': DateTime(2025, 10, 18, 2, 36, 0, tzinfo=Timezone('UTC')),","logger":"task.stdout"}
{"timestamp":"2025-10-18T02:36:02.120748Z","level":"info","event":" 'ds': '2025-10-18',","logger":"task.stdout"}
{"timestamp":"2025-10-18T02:36:02.120770Z","level":"info","event":" 'ds_nodash': '20251018',","logger":"task.stdout"}
{"timestamp":"2025-10-18T02:36:02.120792Z","level":"info","event":" 'inlet_events': InletEventsAccessors(_inlets=[], _assets={}, _asset_aliases={}),","logger":"task.stdout"}
{"timestamp":"2025-10-18T02:36:02.120812Z","level":"info","event":" 'inlets': [],","logger":"task.stdout"}
{"timestamp":"2025-10-18T02:36:02.120832Z","level":"info","event":" 'logical_date': DateTime(2025, 10, 18, 2, 36, 0, tzinfo=Timezone('UTC')),","logger":"task.stdout"}
{"timestamp":"2025-10-18T02:36:02.120851Z","level":"info","event":" 'macros': <MacrosAccessor (dynamic access to macros)>,","logger":"task.stdout"}
{"timestamp":"2025-10-18T02:36:02.120870Z","level":"info","event":" 'map_index_template': None,","logger":"task.stdout"}
{"timestamp":"2025-10-18T02:36:02.120889Z","level":"info","event":" 'outlet_events': <airflow.sdk.execution_time.context.OutletEventAccessors object at 0x716c84b74bf0>,","logger":"task.stdout"}
{"timestamp":"2025-10-18T02:36:02.120909Z","level":"info","event":" 'outlets': [],","logger":"task.stdout"}
{"timestamp":"2025-10-18T02:36:02.120928Z","level":"info","event":" 'params': {},","logger":"task.stdout"}
{"timestamp":"2025-10-18T02:36:02.134698Z","level":"info","event":" 'prev_data_interval_end_success': <Proxy at 0x716c72995f00 with factory <function RuntimeTaskInstance.get_template_context.<locals>.<lambda> at 0x716c72b75e40>>,","logger":"task.stdout"}
{"timestamp":"2025-10-18T02:36:02.134833Z","level":"info","event":" 'prev_data_interval_start_success': <Proxy at 0x716c72995e40 with factory <function RuntimeTaskInstance.get_template_context.<locals>.<lambda> at 0x716c72b74cc0>>,","logger":"task.stdout"}
{"timestamp":"2025-10-18T02:36:02.134889Z","level":"info","event":" 'prev_end_date_success': <Proxy at 0x716c72b65d40 with factory <function RuntimeTaskInstance.get_template_context.<locals>.<lambda> at 0x716c72b75f80>>,","logger":"task.stdout"}
{"timestamp":"2025-10-18T02:36:02.134961Z","level":"info","event":" 'prev_start_date_success': <Proxy at 0x716c7298bbc0 with factory <function RuntimeTaskInstance.get_template_context.<locals>.<lambda> at 0x716c72b74540>>,","logger":"task.stdout"}
{"timestamp":"2025-10-18T02:36:02.134994Z","level":"info","event":" 'run_id': 'scheduled__2025-10-18T02:36:00+00:00',","logger":"task.stdout"}
{"timestamp":"2025-10-18T02:36:02.135017Z","level":"info","event":" 'task': <Task(PythonOperator): python>,","logger":"task.stdout"}
{"timestamp":"2025-10-18T02:36:02.135039Z","level":"info","event":" 'task_instance': RuntimeTaskInstance(id=UUID('0199f52c-8986-7c3b-ab88-18283b98b7eb'), task_id='python', dag_id='python_operator_v1', run_id='scheduled__2025-10-18T02:36:00+00:00', try_number=1, dag_version_id=UUID('0199f51d-f58d-7d44-9eec-7e8621103e49'), map_index=-1, hostname='d3ad80844e63', context_carrier={}, task=<Task(PythonOperator): python>, bundle_instance=LocalDagBundle(name=dags-folder), max_tries=0, start_date=datetime.datetime(2025, 10, 18, 2, 36, 1, 644610, tzinfo=datetime.timezone.utc), end_date=None, state=<TaskInstanceState.RUNNING: 'running'>, is_mapped=False, rendered_map_index=None),","logger":"task.stdout"}
{"timestamp":"2025-10-18T02:36:02.135063Z","level":"info","event":" 'task_instance_key_str': 'python_operator_v1__python__20251018',","logger":"task.stdout"}
{"timestamp":"2025-10-18T02:36:02.135084Z","level":"info","event":" 'task_reschedule_count': 0,","logger":"task.stdout"}
{"timestamp":"2025-10-18T02:36:02.135104Z","level":"info","event":" 'templates_dict': None,","logger":"task.stdout"}
{"timestamp":"2025-10-18T02:36:02.135125Z","level":"info","event":" 'ti': RuntimeTaskInstance(id=UUID('0199f52c-8986-7c3b-ab88-18283b98b7eb'), task_id='python', dag_id='python_operator_v1', run_id='scheduled__2025-10-18T02:36:00+00:00', try_number=1, dag_version_id=UUID('0199f51d-f58d-7d44-9eec-7e8621103e49'), map_index=-1, hostname='d3ad80844e63', context_carrier={}, task=<Task(PythonOperator): python>, bundle_instance=LocalDagBundle(name=dags-folder), max_tries=0, start_date=datetime.datetime(2025, 10, 18, 2, 36, 1, 644610, tzinfo=datetime.timezone.utc), end_date=None, state=<TaskInstanceState.RUNNING: 'running'>, is_mapped=False, rendered_map_index=None),","logger":"task.stdout"}
{"timestamp":"2025-10-18T02:36:02.135145Z","level":"info","event":" 'triggering_asset_events': TriggeringAssetEventsAccessor(_events=defaultdict(<class 'list'>, {})),","logger":"task.stdout"}
{"timestamp":"2025-10-18T02:36:02.135165Z","level":"info","event":" 'ts': '2025-10-18T02:36:00+00:00',","logger":"task.stdout"}
{"timestamp":"2025-10-18T02:36:02.135185Z","level":"info","event":" 'ts_nodash': '20251018T023600',","logger":"task.stdout"}
{"timestamp":"2025-10-18T02:36:02.135203Z","level":"info","event":" 'ts_nodash_with_tz': '20251018T023600+0000',","logger":"task.stdout"}
{"timestamp":"2025-10-18T02:36:02.135222Z","level":"info","event":" 'var': {'json': <VariableAccessor (dynamic access)>,","logger":"task.stdout"}
{"timestamp":"2025-10-18T02:36:02.135240Z","level":"info","event":"         'value': <VariableAccessor (dynamic access)>}}","logger":"task.stdout"}
{"timestamp":"2025-10-18T02:36:02.135245Z","level":"info","event":"Done. Returned value was: 123","logger":"airflow.task.operators.airflow.providers.standard.operators.python.PythonOperator","filename":"python.py","lineno":218}
{"timestamp":"2025-10-18T02:36:02.135473Z","level":"info","event":"Pushing xcom","ti":"RuntimeTaskInstance(id=UUID('0199f52c-8986-7c3b-ab88-18283b98b7eb'), task_id='python', dag_id='python_operator_v1', run_id='scheduled__2025-10-18T02:36:00+00:00', try_number=1, dag_version_id=UUID('0199f51d-f58d-7d44-9eec-7e8621103e49'), map_index=-1, hostname='d3ad80844e63', context_carrier={}, task=<Task(PythonOperator): python>, bundle_instance=LocalDagBundle(name=dags-folder), max_tries=0, start_date=datetime.datetime(2025, 10, 18, 2, 36, 1, 644610, tzinfo=datetime.timezone.utc), end_date=None, state=<TaskInstanceState.RUNNING: 'running'>, is_mapped=False, rendered_map_index=None)","logger":"task","filename":"task_runner.py","lineno":1352}
{"timestamp":"2025-10-18T02:36:02.154270Z","level":"info","event":"Task instance in success state","logger":"task.stdout"}
{"timestamp":"2025-10-18T02:36:02.154399Z","level":"info","event":" Previous state of the Task instance: TaskInstanceState.RUNNING","logger":"task.stdout"}
{"timestamp":"2025-10-18T02:36:02.154468Z","level":"info","event":"Task operator:<Task(PythonOperator): python>","logger":"task.stdout"}
