{"timestamp":"2025-10-18T02:42:01.681181Z","level":"info","event":"DAG bundles loaded: dags-folder, example_dags","logger":"airflow.dag_processing.bundles.manager.DagBundlesManager","filename":"manager.py","lineno":179}
{"timestamp":"2025-10-18T02:42:01.681942Z","level":"info","event":"Filling up the DagBag from /opt/airflow/dags/python_operator_v1.py","logger":"airflow.models.dagbag.DagBag","filename":"dagbag.py","lineno":593}
{"timestamp":"2025-10-18T02:42:01.713521Z","level":"info","event":"Task instance is in running state","logger":"task.stdout"}
{"timestamp":"2025-10-18T02:42:01.713727Z","level":"info","event":" Previous state of the Task instance: TaskInstanceState.QUEUED","logger":"task.stdout"}
{"timestamp":"2025-10-18T02:42:01.713932Z","level":"info","event":"Current task name:python","logger":"task.stdout"}
{"timestamp":"2025-10-18T02:42:01.714031Z","level":"info","event":"Dag name:python_operator_v1","logger":"task.stdout"}
{"timestamp":"2025-10-18T02:42:01.715746Z","level":"info","event":"andre","logger":"task.stdout"}
{"timestamp":"2025-10-18T02:42:01.716378Z","level":"info","event":"{'conn': <ConnectionAccessor (dynamic access)>,","logger":"task.stdout"}
{"timestamp":"2025-10-18T02:42:01.716463Z","level":"info","event":" 'dag': <DAG: python_operator_v1>,","logger":"task.stdout"}
{"timestamp":"2025-10-18T02:42:01.716505Z","level":"info","event":" 'dag_run': DagRun(dag_id='python_operator_v1', run_id='scheduled__2025-10-18T02:42:00+00:00', logical_date=datetime.datetime(2025, 10, 18, 2, 42, tzinfo=datetime.timezone.utc), data_interval_start=datetime.datetime(2025, 10, 18, 2, 42, tzinfo=datetime.timezone.utc), data_interval_end=datetime.datetime(2025, 10, 18, 2, 42, tzinfo=datetime.timezone.utc), run_after=datetime.datetime(2025, 10, 18, 2, 42, tzinfo=datetime.timezone.utc), start_date=datetime.datetime(2025, 10, 18, 2, 42, 0, 518517, tzinfo=datetime.timezone.utc), end_date=None, clear_number=0, run_type=<DagRunType.SCHEDULED: 'scheduled'>, state=<DagRunState.RUNNING: 'running'>, conf={}, consumed_asset_events=[]),","logger":"task.stdout"}
{"timestamp":"2025-10-18T02:42:01.716569Z","level":"info","event":" 'data_interval_end': DateTime(2025, 10, 18, 2, 42, 0, tzinfo=Timezone('UTC')),","logger":"task.stdout"}
{"timestamp":"2025-10-18T02:42:01.716599Z","level":"info","event":" 'data_interval_start': DateTime(2025, 10, 18, 2, 42, 0, tzinfo=Timezone('UTC')),","logger":"task.stdout"}
{"timestamp":"2025-10-18T02:42:01.716625Z","level":"info","event":" 'ds': '2025-10-18',","logger":"task.stdout"}
{"timestamp":"2025-10-18T02:42:01.716649Z","level":"info","event":" 'ds_nodash': '20251018',","logger":"task.stdout"}
{"timestamp":"2025-10-18T02:42:01.716671Z","level":"info","event":" 'inlet_events': InletEventsAccessors(_inlets=[], _assets={}, _asset_aliases={}),","logger":"task.stdout"}
{"timestamp":"2025-10-18T02:42:01.716690Z","level":"info","event":" 'inlets': [],","logger":"task.stdout"}
{"timestamp":"2025-10-18T02:42:01.716710Z","level":"info","event":" 'logical_date': DateTime(2025, 10, 18, 2, 42, 0, tzinfo=Timezone('UTC')),","logger":"task.stdout"}
{"timestamp":"2025-10-18T02:42:01.716731Z","level":"info","event":" 'macros': <MacrosAccessor (dynamic access to macros)>,","logger":"task.stdout"}
{"timestamp":"2025-10-18T02:42:01.716751Z","level":"info","event":" 'map_index_template': None,","logger":"task.stdout"}
{"timestamp":"2025-10-18T02:42:01.716771Z","level":"info","event":" 'outlet_events': <airflow.sdk.execution_time.context.OutletEventAccessors object at 0x716c8512e540>,","logger":"task.stdout"}
{"timestamp":"2025-10-18T02:42:01.716792Z","level":"info","event":" 'outlets': [],","logger":"task.stdout"}
{"timestamp":"2025-10-18T02:42:01.716813Z","level":"info","event":" 'params': {},","logger":"task.stdout"}
{"timestamp":"2025-10-18T02:42:01.730773Z","level":"info","event":" 'prev_data_interval_end_success': <Proxy at 0x716c72991d40 with factory <function RuntimeTaskInstance.get_template_context.<locals>.<lambda> at 0x716c72b794e0>>,","logger":"task.stdout"}
{"timestamp":"2025-10-18T02:42:01.730947Z","level":"info","event":" 'prev_data_interval_start_success': <Proxy at 0x716c72991c80 with factory <function RuntimeTaskInstance.get_template_context.<locals>.<lambda> at 0x716c72b78360>>,","logger":"task.stdout"}
{"timestamp":"2025-10-18T02:42:01.731052Z","level":"info","event":" 'prev_end_date_success': <Proxy at 0x716c72b4dd40 with factory <function RuntimeTaskInstance.get_template_context.<locals>.<lambda> at 0x716c72b79620>>,","logger":"task.stdout"}
{"timestamp":"2025-10-18T02:42:01.731089Z","level":"info","event":" 'prev_start_date_success': <Proxy at 0x716c72b13d40 with factory <function RuntimeTaskInstance.get_template_context.<locals>.<lambda> at 0x716c72b77ba0>>,","logger":"task.stdout"}
{"timestamp":"2025-10-18T02:42:01.731113Z","level":"info","event":" 'run_id': 'scheduled__2025-10-18T02:42:00+00:00',","logger":"task.stdout"}
{"timestamp":"2025-10-18T02:42:01.731135Z","level":"info","event":" 'task': <Task(PythonOperator): python>,","logger":"task.stdout"}
{"timestamp":"2025-10-18T02:42:01.731158Z","level":"info","event":" 'task_instance': RuntimeTaskInstance(id=UUID('0199f532-06c0-71e0-81e5-bdcc32c7aa96'), task_id='python', dag_id='python_operator_v1', run_id='scheduled__2025-10-18T02:42:00+00:00', try_number=1, dag_version_id=UUID('0199f51d-f58d-7d44-9eec-7e8621103e49'), map_index=-1, hostname='d3ad80844e63', context_carrier={}, task=<Task(PythonOperator): python>, bundle_instance=LocalDagBundle(name=dags-folder), max_tries=0, start_date=datetime.datetime(2025, 10, 18, 2, 42, 1, 241885, tzinfo=datetime.timezone.utc), end_date=None, state=<TaskInstanceState.RUNNING: 'running'>, is_mapped=False, rendered_map_index=None),","logger":"task.stdout"}
{"timestamp":"2025-10-18T02:42:01.731180Z","level":"info","event":" 'task_instance_key_str': 'python_operator_v1__python__20251018',","logger":"task.stdout"}
{"timestamp":"2025-10-18T02:42:01.731203Z","level":"info","event":" 'task_reschedule_count': 0,","logger":"task.stdout"}
{"timestamp":"2025-10-18T02:42:01.731224Z","level":"info","event":" 'templates_dict': None,","logger":"task.stdout"}
{"timestamp":"2025-10-18T02:42:01.731248Z","level":"info","event":" 'ti': RuntimeTaskInstance(id=UUID('0199f532-06c0-71e0-81e5-bdcc32c7aa96'), task_id='python', dag_id='python_operator_v1', run_id='scheduled__2025-10-18T02:42:00+00:00', try_number=1, dag_version_id=UUID('0199f51d-f58d-7d44-9eec-7e8621103e49'), map_index=-1, hostname='d3ad80844e63', context_carrier={}, task=<Task(PythonOperator): python>, bundle_instance=LocalDagBundle(name=dags-folder), max_tries=0, start_date=datetime.datetime(2025, 10, 18, 2, 42, 1, 241885, tzinfo=datetime.timezone.utc), end_date=None, state=<TaskInstanceState.RUNNING: 'running'>, is_mapped=False, rendered_map_index=None),","logger":"task.stdout"}
{"timestamp":"2025-10-18T02:42:01.731271Z","level":"info","event":" 'triggering_asset_events': TriggeringAssetEventsAccessor(_events=defaultdict(<class 'list'>, {})),","logger":"task.stdout"}
{"timestamp":"2025-10-18T02:42:01.731290Z","level":"info","event":" 'ts': '2025-10-18T02:42:00+00:00',","logger":"task.stdout"}
{"timestamp":"2025-10-18T02:42:01.731310Z","level":"info","event":" 'ts_nodash': '20251018T024200',","logger":"task.stdout"}
{"timestamp":"2025-10-18T02:42:01.731330Z","level":"info","event":" 'ts_nodash_with_tz': '20251018T024200+0000',","logger":"task.stdout"}
{"timestamp":"2025-10-18T02:42:01.731350Z","level":"info","event":" 'var': {'json': <VariableAccessor (dynamic access)>,","logger":"task.stdout"}
{"timestamp":"2025-10-18T02:42:01.731369Z","level":"info","event":"         'value': <VariableAccessor (dynamic access)>}}","logger":"task.stdout"}
{"timestamp":"2025-10-18T02:42:01.731334Z","level":"info","event":"Done. Returned value was: 123","logger":"airflow.task.operators.airflow.providers.standard.operators.python.PythonOperator","filename":"python.py","lineno":218}
{"timestamp":"2025-10-18T02:42:01.731557Z","level":"info","event":"Pushing xcom","ti":"RuntimeTaskInstance(id=UUID('0199f532-06c0-71e0-81e5-bdcc32c7aa96'), task_id='python', dag_id='python_operator_v1', run_id='scheduled__2025-10-18T02:42:00+00:00', try_number=1, dag_version_id=UUID('0199f51d-f58d-7d44-9eec-7e8621103e49'), map_index=-1, hostname='d3ad80844e63', context_carrier={}, task=<Task(PythonOperator): python>, bundle_instance=LocalDagBundle(name=dags-folder), max_tries=0, start_date=datetime.datetime(2025, 10, 18, 2, 42, 1, 241885, tzinfo=datetime.timezone.utc), end_date=None, state=<TaskInstanceState.RUNNING: 'running'>, is_mapped=False, rendered_map_index=None)","logger":"task","filename":"task_runner.py","lineno":1352}
{"timestamp":"2025-10-18T02:42:01.755916Z","level":"info","event":"Task instance in success state","logger":"task.stdout"}
{"timestamp":"2025-10-18T02:42:01.756260Z","level":"info","event":" Previous state of the Task instance: TaskInstanceState.RUNNING","logger":"task.stdout"}
{"timestamp":"2025-10-18T02:42:01.756368Z","level":"info","event":"Task operator:<Task(PythonOperator): python>","logger":"task.stdout"}
