{"timestamp":"2025-10-18T02:43:01.762833Z","level":"info","event":"DAG bundles loaded: dags-folder, example_dags","logger":"airflow.dag_processing.bundles.manager.DagBundlesManager","filename":"manager.py","lineno":179}
{"timestamp":"2025-10-18T02:43:01.764207Z","level":"info","event":"Filling up the DagBag from /opt/airflow/dags/python_operator_v2.py","logger":"airflow.models.dagbag.DagBag","filename":"dagbag.py","lineno":593}
{"timestamp":"2025-10-18T02:43:01.786730Z","level":"warning","event":"The `airflow.decorators.task` attribute is deprecated. Please use `'airflow.sdk.task'`.","category":"DeprecatedImportWarning","filename":"/opt/airflow/dags/python_operator_v2.py","lineno":3,"logger":"py.warnings"}
{"timestamp":"2025-10-18T02:43:01.805699Z","level":"info","event":"Task instance is in running state","logger":"task.stdout"}
{"timestamp":"2025-10-18T02:43:01.805829Z","level":"info","event":" Previous state of the Task instance: TaskInstanceState.QUEUED","logger":"task.stdout"}
{"timestamp":"2025-10-18T02:43:01.805906Z","level":"info","event":"Current task name:python","logger":"task.stdout"}
{"timestamp":"2025-10-18T02:43:01.805936Z","level":"info","event":"Dag name:python_operator_v2","logger":"task.stdout"}
{"timestamp":"2025-10-18T02:43:01.808279Z","level":"info","event":"{'conn': <ConnectionAccessor (dynamic access)>,","logger":"task.stdout"}
{"timestamp":"2025-10-18T02:43:01.808430Z","level":"info","event":" 'dag': <DAG: python_operator_v2>,","logger":"task.stdout"}
{"timestamp":"2025-10-18T02:43:01.808528Z","level":"info","event":" 'dag_run': DagRun(dag_id='python_operator_v2', run_id='scheduled__2025-10-18T02:42:00+00:00', logical_date=datetime.datetime(2025, 10, 18, 2, 42, tzinfo=datetime.timezone.utc), data_interval_start=datetime.datetime(2025, 10, 18, 2, 42, tzinfo=datetime.timezone.utc), data_interval_end=datetime.datetime(2025, 10, 18, 2, 42, tzinfo=datetime.timezone.utc), run_after=datetime.datetime(2025, 10, 18, 2, 42, tzinfo=datetime.timezone.utc), start_date=datetime.datetime(2025, 10, 18, 2, 43, 0, 493244, tzinfo=datetime.timezone.utc), end_date=None, clear_number=0, run_type=<DagRunType.SCHEDULED: 'scheduled'>, state=<DagRunState.RUNNING: 'running'>, conf={}, consumed_asset_events=[]),","logger":"task.stdout"}
{"timestamp":"2025-10-18T02:43:01.808562Z","level":"info","event":" 'data_interval_end': DateTime(2025, 10, 18, 2, 42, 0, tzinfo=Timezone('UTC')),","logger":"task.stdout"}
{"timestamp":"2025-10-18T02:43:01.808588Z","level":"info","event":" 'data_interval_start': DateTime(2025, 10, 18, 2, 42, 0, tzinfo=Timezone('UTC')),","logger":"task.stdout"}
{"timestamp":"2025-10-18T02:43:01.808652Z","level":"info","event":" 'ds_nodash': '20251018',","logger":"task.stdout"}
{"timestamp":"2025-10-18T02:43:01.808691Z","level":"info","event":" 'inlet_events': InletEventsAccessors(_inlets=[], _assets={}, _asset_aliases={}),","logger":"task.stdout"}
{"timestamp":"2025-10-18T02:43:01.808715Z","level":"info","event":" 'inlets': [],","logger":"task.stdout"}
{"timestamp":"2025-10-18T02:43:01.808738Z","level":"info","event":" 'logical_date': DateTime(2025, 10, 18, 2, 42, 0, tzinfo=Timezone('UTC')),","logger":"task.stdout"}
{"timestamp":"2025-10-18T02:43:01.808761Z","level":"info","event":" 'macros': <MacrosAccessor (dynamic access to macros)>,","logger":"task.stdout"}
{"timestamp":"2025-10-18T02:43:01.808784Z","level":"info","event":" 'map_index_template': None,","logger":"task.stdout"}
{"timestamp":"2025-10-18T02:43:01.808806Z","level":"info","event":" 'outlet_events': <airflow.sdk.execution_time.context.OutletEventAccessors object at 0x716c921278f0>,","logger":"task.stdout"}
{"timestamp":"2025-10-18T02:43:01.808827Z","level":"info","event":" 'outlets': [],","logger":"task.stdout"}
{"timestamp":"2025-10-18T02:43:01.808848Z","level":"info","event":" 'params': {},","logger":"task.stdout"}
{"timestamp":"2025-10-18T02:43:01.818078Z","level":"info","event":" 'prev_data_interval_end_success': <Proxy at 0x716c729ba940 with factory <function RuntimeTaskInstance.get_template_context.<locals>.<lambda> at 0x716c72b86520>>,","logger":"task.stdout"}
{"timestamp":"2025-10-18T02:43:01.818274Z","level":"info","event":" 'prev_data_interval_start_success': <Proxy at 0x716c729ba880 with factory <function RuntimeTaskInstance.get_template_context.<locals>.<lambda> at 0x716c72b87e20>>,","logger":"task.stdout"}
{"timestamp":"2025-10-18T02:43:01.818326Z","level":"info","event":" 'prev_end_date_success': <Proxy at 0x716c72b440c0 with factory <function RuntimeTaskInstance.get_template_context.<locals>.<lambda> at 0x716c72b87100>>,","logger":"task.stdout"}
{"timestamp":"2025-10-18T02:43:01.818353Z","level":"info","event":" 'prev_start_date_success': <Proxy at 0x716c850cb240 with factory <function RuntimeTaskInstance.get_template_context.<locals>.<lambda> at 0x716c72b722a0>>,","logger":"task.stdout"}
{"timestamp":"2025-10-18T02:43:01.818375Z","level":"info","event":" 'run_id': 'scheduled__2025-10-18T02:42:00+00:00',","logger":"task.stdout"}
{"timestamp":"2025-10-18T02:43:01.818397Z","level":"info","event":" 'task': <Task(_PythonDecoratedOperator): python>,","logger":"task.stdout"}
{"timestamp":"2025-10-18T02:43:01.818436Z","level":"info","event":" 'task_instance': RuntimeTaskInstance(id=UUID('0199f532-f108-7914-af65-b808cef3ae51'), task_id='python', dag_id='python_operator_v2', run_id='scheduled__2025-10-18T02:42:00+00:00', try_number=1, dag_version_id=UUID('0199f531-30ae-7b1b-bde0-cf9d26b1f1cd'), map_index=-1, hostname='d3ad80844e63', context_carrier={}, task=<Task(_PythonDecoratedOperator): python>, bundle_instance=LocalDagBundle(name=dags-folder), max_tries=0, start_date=datetime.datetime(2025, 10, 18, 2, 43, 1, 164117, tzinfo=datetime.timezone.utc), end_date=None, state=<TaskInstanceState.RUNNING: 'running'>, is_mapped=False, rendered_map_index=None),","logger":"task.stdout"}
{"timestamp":"2025-10-18T02:43:01.818474Z","level":"info","event":" 'task_instance_key_str': 'python_operator_v2__python__20251018',","logger":"task.stdout"}
{"timestamp":"2025-10-18T02:43:01.818500Z","level":"info","event":" 'task_reschedule_count': 0,","logger":"task.stdout"}
{"timestamp":"2025-10-18T02:43:01.818521Z","level":"info","event":" 'templates_dict': None,","logger":"task.stdout"}
{"timestamp":"2025-10-18T02:43:01.818564Z","level":"info","event":" 'ti': RuntimeTaskInstance(id=UUID('0199f532-f108-7914-af65-b808cef3ae51'), task_id='python', dag_id='python_operator_v2', run_id='scheduled__2025-10-18T02:42:00+00:00', try_number=1, dag_version_id=UUID('0199f531-30ae-7b1b-bde0-cf9d26b1f1cd'), map_index=-1, hostname='d3ad80844e63', context_carrier={}, task=<Task(_PythonDecoratedOperator): python>, bundle_instance=LocalDagBundle(name=dags-folder), max_tries=0, start_date=datetime.datetime(2025, 10, 18, 2, 43, 1, 164117, tzinfo=datetime.timezone.utc), end_date=None, state=<TaskInstanceState.RUNNING: 'running'>, is_mapped=False, rendered_map_index=None),","logger":"task.stdout"}
{"timestamp":"2025-10-18T02:43:01.818601Z","level":"info","event":" 'triggering_asset_events': TriggeringAssetEventsAccessor(_events=defaultdict(<class 'list'>, {})),","logger":"task.stdout"}
{"timestamp":"2025-10-18T02:43:01.818624Z","level":"info","event":" 'ts': '2025-10-18T02:42:00+00:00',","logger":"task.stdout"}
{"timestamp":"2025-10-18T02:43:01.818645Z","level":"info","event":" 'ts_nodash': '20251018T024200',","logger":"task.stdout"}
{"timestamp":"2025-10-18T02:43:01.818665Z","level":"info","event":" 'ts_nodash_with_tz': '20251018T024200+0000',","logger":"task.stdout"}
{"timestamp":"2025-10-18T02:43:01.818685Z","level":"info","event":" 'var': {'json': <VariableAccessor (dynamic access)>,","logger":"task.stdout"}
{"timestamp":"2025-10-18T02:43:01.818705Z","level":"info","event":"         'value': <VariableAccessor (dynamic access)>}}","logger":"task.stdout"}
{"timestamp":"2025-10-18T02:43:01.818725Z","level":"info","event":"2025-10-18","logger":"task.stdout"}
{"timestamp":"2025-10-18T02:43:01.818298Z","level":"info","event":"Done. Returned value was: meu retorno agora é este texto","logger":"airflow.task.operators.airflow.providers.standard.decorators.python._PythonDecoratedOperator","filename":"python.py","lineno":218}
{"timestamp":"2025-10-18T02:43:01.818794Z","level":"info","event":"Pushing xcom","ti":"RuntimeTaskInstance(id=UUID('0199f532-f108-7914-af65-b808cef3ae51'), task_id='python', dag_id='python_operator_v2', run_id='scheduled__2025-10-18T02:42:00+00:00', try_number=1, dag_version_id=UUID('0199f531-30ae-7b1b-bde0-cf9d26b1f1cd'), map_index=-1, hostname='d3ad80844e63', context_carrier={}, task=<Task(_PythonDecoratedOperator): python>, bundle_instance=LocalDagBundle(name=dags-folder), max_tries=0, start_date=datetime.datetime(2025, 10, 18, 2, 43, 1, 164117, tzinfo=datetime.timezone.utc), end_date=None, state=<TaskInstanceState.RUNNING: 'running'>, is_mapped=False, rendered_map_index=None)","logger":"task","filename":"task_runner.py","lineno":1352}
{"timestamp":"2025-10-18T02:43:01.844053Z","level":"info","event":"Task instance in success state","logger":"task.stdout"}
{"timestamp":"2025-10-18T02:43:01.844268Z","level":"info","event":" Previous state of the Task instance: TaskInstanceState.RUNNING","logger":"task.stdout"}
{"timestamp":"2025-10-18T02:43:01.844376Z","level":"info","event":"Task operator:<Task(_PythonDecoratedOperator): python>","logger":"task.stdout"}
