{"timestamp":"2025-10-18T02:34:02.154990Z","level":"info","event":"DAG bundles loaded: dags-folder, example_dags","logger":"airflow.dag_processing.bundles.manager.DagBundlesManager","filename":"manager.py","lineno":179}
{"timestamp":"2025-10-18T02:34:02.155575Z","level":"info","event":"Filling up the DagBag from /opt/airflow/dags/python_operator_v1.py","logger":"airflow.models.dagbag.DagBag","filename":"dagbag.py","lineno":593}
{"timestamp":"2025-10-18T02:34:02.179156Z","level":"info","event":"Task instance is in running state","logger":"task.stdout"}
{"timestamp":"2025-10-18T02:34:02.179284Z","level":"info","event":" Previous state of the Task instance: TaskInstanceState.QUEUED","logger":"task.stdout"}
{"timestamp":"2025-10-18T02:34:02.179461Z","level":"info","event":"Current task name:python","logger":"task.stdout"}
{"timestamp":"2025-10-18T02:34:02.179532Z","level":"info","event":"Dag name:python_operator_v1","logger":"task.stdout"}
{"timestamp":"2025-10-18T02:34:02.181099Z","level":"info","event":"andre","logger":"task.stdout"}
{"timestamp":"2025-10-18T02:34:02.181771Z","level":"info","event":"{'conn': <ConnectionAccessor (dynamic access)>,","logger":"task.stdout"}
{"timestamp":"2025-10-18T02:34:02.181839Z","level":"info","event":" 'dag': <DAG: python_operator_v1>,","logger":"task.stdout"}
{"timestamp":"2025-10-18T02:34:02.181876Z","level":"info","event":" 'dag_run': DagRun(dag_id='python_operator_v1', run_id='scheduled__2025-10-18T02:34:00+00:00', logical_date=datetime.datetime(2025, 10, 18, 2, 34, tzinfo=datetime.timezone.utc), data_interval_start=datetime.datetime(2025, 10, 18, 2, 34, tzinfo=datetime.timezone.utc), data_interval_end=datetime.datetime(2025, 10, 18, 2, 34, tzinfo=datetime.timezone.utc), run_after=datetime.datetime(2025, 10, 18, 2, 34, tzinfo=datetime.timezone.utc), start_date=datetime.datetime(2025, 10, 18, 2, 34, 0, 949189, tzinfo=datetime.timezone.utc), end_date=None, clear_number=0, run_type=<DagRunType.SCHEDULED: 'scheduled'>, state=<DagRunState.RUNNING: 'running'>, conf={}, consumed_asset_events=[]),","logger":"task.stdout"}
{"timestamp":"2025-10-18T02:34:02.181926Z","level":"info","event":" 'data_interval_end': DateTime(2025, 10, 18, 2, 34, 0, tzinfo=Timezone('UTC')),","logger":"task.stdout"}
{"timestamp":"2025-10-18T02:34:02.181951Z","level":"info","event":" 'data_interval_start': DateTime(2025, 10, 18, 2, 34, 0, tzinfo=Timezone('UTC')),","logger":"task.stdout"}
{"timestamp":"2025-10-18T02:34:02.181972Z","level":"info","event":" 'ds': '2025-10-18',","logger":"task.stdout"}
{"timestamp":"2025-10-18T02:34:02.181997Z","level":"info","event":" 'ds_nodash': '20251018',","logger":"task.stdout"}
{"timestamp":"2025-10-18T02:34:02.182016Z","level":"info","event":" 'inlet_events': InletEventsAccessors(_inlets=[], _assets={}, _asset_aliases={}),","logger":"task.stdout"}
{"timestamp":"2025-10-18T02:34:02.182036Z","level":"info","event":" 'inlets': [],","logger":"task.stdout"}
{"timestamp":"2025-10-18T02:34:02.182054Z","level":"info","event":" 'logical_date': DateTime(2025, 10, 18, 2, 34, 0, tzinfo=Timezone('UTC')),","logger":"task.stdout"}
{"timestamp":"2025-10-18T02:34:02.182073Z","level":"info","event":" 'macros': <MacrosAccessor (dynamic access to macros)>,","logger":"task.stdout"}
{"timestamp":"2025-10-18T02:34:02.182091Z","level":"info","event":" 'map_index_template': None,","logger":"task.stdout"}
{"timestamp":"2025-10-18T02:34:02.182109Z","level":"info","event":" 'outlet_events': <airflow.sdk.execution_time.context.OutletEventAccessors object at 0x716c9127b500>,","logger":"task.stdout"}
{"timestamp":"2025-10-18T02:34:02.182128Z","level":"info","event":" 'outlets': [],","logger":"task.stdout"}
{"timestamp":"2025-10-18T02:34:02.182147Z","level":"info","event":" 'params': {},","logger":"task.stdout"}
{"timestamp":"2025-10-18T02:34:02.190621Z","level":"info","event":" 'prev_data_interval_end_success': <Proxy at 0x716c72990340 with factory <function RuntimeTaskInstance.get_template_context.<locals>.<lambda> at 0x716c72b79080>>,","logger":"task.stdout"}
{"timestamp":"2025-10-18T02:34:02.190739Z","level":"info","event":" 'prev_data_interval_start_success': <Proxy at 0x716c72990280 with factory <function RuntimeTaskInstance.get_template_context.<locals>.<lambda> at 0x716c72b6b880>>,","logger":"task.stdout"}
{"timestamp":"2025-10-18T02:34:02.190788Z","level":"info","event":" 'prev_end_date_success': <Proxy at 0x716c7298a700 with factory <function RuntimeTaskInstance.get_template_context.<locals>.<lambda> at 0x716c72b6be20>>,","logger":"task.stdout"}
{"timestamp":"2025-10-18T02:34:02.190852Z","level":"info","event":" 'prev_start_date_success': <Proxy at 0x716c72989c80 with factory <function RuntimeTaskInstance.get_template_context.<locals>.<lambda> at 0x716c72b6b6a0>>,","logger":"task.stdout"}
{"timestamp":"2025-10-18T02:34:02.190879Z","level":"info","event":" 'run_id': 'scheduled__2025-10-18T02:34:00+00:00',","logger":"task.stdout"}
{"timestamp":"2025-10-18T02:34:02.190902Z","level":"info","event":" 'task': <Task(PythonOperator): python>,","logger":"task.stdout"}
{"timestamp":"2025-10-18T02:34:02.190925Z","level":"info","event":" 'task_instance': RuntimeTaskInstance(id=UUID('0199f52a-b56d-7593-87b3-257ff72862d5'), task_id='python', dag_id='python_operator_v1', run_id='scheduled__2025-10-18T02:34:00+00:00', try_number=1, dag_version_id=UUID('0199f51d-f58d-7d44-9eec-7e8621103e49'), map_index=-1, hostname='d3ad80844e63', context_carrier={}, task=<Task(PythonOperator): python>, bundle_instance=LocalDagBundle(name=dags-folder), max_tries=0, start_date=datetime.datetime(2025, 10, 18, 2, 34, 1, 796798, tzinfo=datetime.timezone.utc), end_date=None, state=<TaskInstanceState.RUNNING: 'running'>, is_mapped=False, rendered_map_index=None),","logger":"task.stdout"}
{"timestamp":"2025-10-18T02:34:02.190948Z","level":"info","event":" 'task_instance_key_str': 'python_operator_v1__python__20251018',","logger":"task.stdout"}
{"timestamp":"2025-10-18T02:34:02.190969Z","level":"info","event":" 'task_reschedule_count': 0,","logger":"task.stdout"}
{"timestamp":"2025-10-18T02:34:02.190991Z","level":"info","event":" 'templates_dict': None,","logger":"task.stdout"}
{"timestamp":"2025-10-18T02:34:02.191014Z","level":"info","event":" 'ti': RuntimeTaskInstance(id=UUID('0199f52a-b56d-7593-87b3-257ff72862d5'), task_id='python', dag_id='python_operator_v1', run_id='scheduled__2025-10-18T02:34:00+00:00', try_number=1, dag_version_id=UUID('0199f51d-f58d-7d44-9eec-7e8621103e49'), map_index=-1, hostname='d3ad80844e63', context_carrier={}, task=<Task(PythonOperator): python>, bundle_instance=LocalDagBundle(name=dags-folder), max_tries=0, start_date=datetime.datetime(2025, 10, 18, 2, 34, 1, 796798, tzinfo=datetime.timezone.utc), end_date=None, state=<TaskInstanceState.RUNNING: 'running'>, is_mapped=False, rendered_map_index=None),","logger":"task.stdout"}
{"timestamp":"2025-10-18T02:34:02.191034Z","level":"info","event":" 'triggering_asset_events': TriggeringAssetEventsAccessor(_events=defaultdict(<class 'list'>, {})),","logger":"task.stdout"}
{"timestamp":"2025-10-18T02:34:02.191054Z","level":"info","event":" 'ts': '2025-10-18T02:34:00+00:00',","logger":"task.stdout"}
{"timestamp":"2025-10-18T02:34:02.191073Z","level":"info","event":" 'ts_nodash': '20251018T023400',","logger":"task.stdout"}
{"timestamp":"2025-10-18T02:34:02.191092Z","level":"info","event":" 'ts_nodash_with_tz': '20251018T023400+0000',","logger":"task.stdout"}
{"timestamp":"2025-10-18T02:34:02.191110Z","level":"info","event":" 'var': {'json': <VariableAccessor (dynamic access)>,","logger":"task.stdout"}
{"timestamp":"2025-10-18T02:34:02.191129Z","level":"info","event":"         'value': <VariableAccessor (dynamic access)>}}","logger":"task.stdout"}
{"timestamp":"2025-10-18T02:34:02.191108Z","level":"info","event":"Done. Returned value was: 123","logger":"airflow.task.operators.airflow.providers.standard.operators.python.PythonOperator","filename":"python.py","lineno":218}
{"timestamp":"2025-10-18T02:34:02.191424Z","level":"info","event":"Pushing xcom","ti":"RuntimeTaskInstance(id=UUID('0199f52a-b56d-7593-87b3-257ff72862d5'), task_id='python', dag_id='python_operator_v1', run_id='scheduled__2025-10-18T02:34:00+00:00', try_number=1, dag_version_id=UUID('0199f51d-f58d-7d44-9eec-7e8621103e49'), map_index=-1, hostname='d3ad80844e63', context_carrier={}, task=<Task(PythonOperator): python>, bundle_instance=LocalDagBundle(name=dags-folder), max_tries=0, start_date=datetime.datetime(2025, 10, 18, 2, 34, 1, 796798, tzinfo=datetime.timezone.utc), end_date=None, state=<TaskInstanceState.RUNNING: 'running'>, is_mapped=False, rendered_map_index=None)","logger":"task","filename":"task_runner.py","lineno":1352}
{"timestamp":"2025-10-18T02:34:02.210885Z","level":"info","event":"Task instance in success state","logger":"task.stdout"}
{"timestamp":"2025-10-18T02:34:02.211018Z","level":"info","event":" Previous state of the Task instance: TaskInstanceState.RUNNING","logger":"task.stdout"}
{"timestamp":"2025-10-18T02:34:02.211100Z","level":"info","event":"Task operator:<Task(PythonOperator): python>","logger":"task.stdout"}
