{"timestamp":"2025-10-18T02:45:01.521787Z","level":"info","event":"DAG bundles loaded: dags-folder, example_dags","logger":"airflow.dag_processing.bundles.manager.DagBundlesManager","filename":"manager.py","lineno":179}
{"timestamp":"2025-10-18T02:45:01.522515Z","level":"info","event":"Filling up the DagBag from /opt/airflow/dags/python_operator_v2.py","logger":"airflow.models.dagbag.DagBag","filename":"dagbag.py","lineno":593}
{"timestamp":"2025-10-18T02:45:01.539114Z","level":"warning","event":"The `airflow.decorators.task` attribute is deprecated. Please use `'airflow.sdk.task'`.","category":"DeprecatedImportWarning","filename":"/opt/airflow/dags/python_operator_v2.py","lineno":3,"logger":"py.warnings"}
{"timestamp":"2025-10-18T02:45:01.562962Z","level":"info","event":"Task instance is in running state","logger":"task.stdout"}
{"timestamp":"2025-10-18T02:45:01.563173Z","level":"info","event":" Previous state of the Task instance: TaskInstanceState.QUEUED","logger":"task.stdout"}
{"timestamp":"2025-10-18T02:45:01.563349Z","level":"info","event":"Current task name:python","logger":"task.stdout"}
{"timestamp":"2025-10-18T02:45:01.563439Z","level":"info","event":"Dag name:python_operator_v2","logger":"task.stdout"}
{"timestamp":"2025-10-18T02:45:01.565905Z","level":"info","event":"{'conn': <ConnectionAccessor (dynamic access)>,","logger":"task.stdout"}
{"timestamp":"2025-10-18T02:45:01.566025Z","level":"info","event":" 'dag': <DAG: python_operator_v2>,","logger":"task.stdout"}
{"timestamp":"2025-10-18T02:45:01.566059Z","level":"info","event":" 'dag_run': DagRun(dag_id='python_operator_v2', run_id='scheduled__2025-10-18T02:45:00+00:00', logical_date=datetime.datetime(2025, 10, 18, 2, 45, tzinfo=datetime.timezone.utc), data_interval_start=datetime.datetime(2025, 10, 18, 2, 45, tzinfo=datetime.timezone.utc), data_interval_end=datetime.datetime(2025, 10, 18, 2, 45, tzinfo=datetime.timezone.utc), run_after=datetime.datetime(2025, 10, 18, 2, 45, tzinfo=datetime.timezone.utc), start_date=datetime.datetime(2025, 10, 18, 2, 45, 0, 278122, tzinfo=datetime.timezone.utc), end_date=None, clear_number=0, run_type=<DagRunType.SCHEDULED: 'scheduled'>, state=<DagRunState.RUNNING: 'running'>, conf={}, consumed_asset_events=[]),","logger":"task.stdout"}
{"timestamp":"2025-10-18T02:45:01.566139Z","level":"info","event":" 'data_interval_end': DateTime(2025, 10, 18, 2, 45, 0, tzinfo=Timezone('UTC')),","logger":"task.stdout"}
{"timestamp":"2025-10-18T02:45:01.566165Z","level":"info","event":" 'data_interval_start': DateTime(2025, 10, 18, 2, 45, 0, tzinfo=Timezone('UTC')),","logger":"task.stdout"}
{"timestamp":"2025-10-18T02:45:01.566205Z","level":"info","event":" 'ds_nodash': '20251018',","logger":"task.stdout"}
{"timestamp":"2025-10-18T02:45:01.566233Z","level":"info","event":" 'inlet_events': InletEventsAccessors(_inlets=[], _assets={}, _asset_aliases={}),","logger":"task.stdout"}
{"timestamp":"2025-10-18T02:45:01.566253Z","level":"info","event":" 'inlets': [],","logger":"task.stdout"}
{"timestamp":"2025-10-18T02:45:01.566273Z","level":"info","event":" 'logical_date': DateTime(2025, 10, 18, 2, 45, 0, tzinfo=Timezone('UTC')),","logger":"task.stdout"}
{"timestamp":"2025-10-18T02:45:01.566292Z","level":"info","event":" 'macros': <MacrosAccessor (dynamic access to macros)>,","logger":"task.stdout"}
{"timestamp":"2025-10-18T02:45:01.566311Z","level":"info","event":" 'map_index_template': None,","logger":"task.stdout"}
{"timestamp":"2025-10-18T02:45:01.566330Z","level":"info","event":" 'outlet_events': <airflow.sdk.execution_time.context.OutletEventAccessors object at 0x716c84abb410>,","logger":"task.stdout"}
{"timestamp":"2025-10-18T02:45:01.566351Z","level":"info","event":" 'outlets': [],","logger":"task.stdout"}
{"timestamp":"2025-10-18T02:45:01.566370Z","level":"info","event":" 'params': {},","logger":"task.stdout"}
{"timestamp":"2025-10-18T02:45:01.579842Z","level":"info","event":" 'prev_data_interval_end_success': <Proxy at 0x716c72b86fc0 with factory <function RuntimeTaskInstance.get_template_context.<locals>.<lambda> at 0x716c72b6a840>>,","logger":"task.stdout"}
{"timestamp":"2025-10-18T02:45:01.580041Z","level":"info","event":" 'prev_data_interval_start_success': <Proxy at 0x716c72b86f00 with factory <function RuntimeTaskInstance.get_template_context.<locals>.<lambda> at 0x716c72b6b420>>,","logger":"task.stdout"}
{"timestamp":"2025-10-18T02:45:01.580091Z","level":"info","event":" 'prev_end_date_success': <Proxy at 0x716c72b2d140 with factory <function RuntimeTaskInstance.get_template_context.<locals>.<lambda> at 0x716c72b6b4c0>>,","logger":"task.stdout"}
{"timestamp":"2025-10-18T02:45:01.580130Z","level":"info","event":" 'prev_start_date_success': <Proxy at 0x716c955fb4c0 with factory <function RuntimeTaskInstance.get_template_context.<locals>.<lambda> at 0x716c72b56840>>,","logger":"task.stdout"}
{"timestamp":"2025-10-18T02:45:01.580162Z","level":"info","event":" 'run_id': 'scheduled__2025-10-18T02:45:00+00:00',","logger":"task.stdout"}
{"timestamp":"2025-10-18T02:45:01.580192Z","level":"info","event":" 'task': <Task(_PythonDecoratedOperator): python>,","logger":"task.stdout"}
{"timestamp":"2025-10-18T02:45:01.580226Z","level":"info","event":" 'task_instance': RuntimeTaskInstance(id=UUID('0199f534-c4e4-7235-aba1-ce84ecd200c5'), task_id='python', dag_id='python_operator_v2', run_id='scheduled__2025-10-18T02:45:00+00:00', try_number=1, dag_version_id=UUID('0199f531-30ae-7b1b-bde0-cf9d26b1f1cd'), map_index=-1, hostname='d3ad80844e63', context_carrier={}, task=<Task(_PythonDecoratedOperator): python>, bundle_instance=LocalDagBundle(name=dags-folder), max_tries=0, start_date=datetime.datetime(2025, 10, 18, 2, 45, 1, 106045, tzinfo=datetime.timezone.utc), end_date=None, state=<TaskInstanceState.RUNNING: 'running'>, is_mapped=False, rendered_map_index=None),","logger":"task.stdout"}
{"timestamp":"2025-10-18T02:45:01.580262Z","level":"info","event":" 'task_instance_key_str': 'python_operator_v2__python__20251018',","logger":"task.stdout"}
{"timestamp":"2025-10-18T02:45:01.580293Z","level":"info","event":" 'task_reschedule_count': 0,","logger":"task.stdout"}
{"timestamp":"2025-10-18T02:45:01.580323Z","level":"info","event":" 'templates_dict': None,","logger":"task.stdout"}
{"timestamp":"2025-10-18T02:45:01.580356Z","level":"info","event":" 'ti': RuntimeTaskInstance(id=UUID('0199f534-c4e4-7235-aba1-ce84ecd200c5'), task_id='python', dag_id='python_operator_v2', run_id='scheduled__2025-10-18T02:45:00+00:00', try_number=1, dag_version_id=UUID('0199f531-30ae-7b1b-bde0-cf9d26b1f1cd'), map_index=-1, hostname='d3ad80844e63', context_carrier={}, task=<Task(_PythonDecoratedOperator): python>, bundle_instance=LocalDagBundle(name=dags-folder), max_tries=0, start_date=datetime.datetime(2025, 10, 18, 2, 45, 1, 106045, tzinfo=datetime.timezone.utc), end_date=None, state=<TaskInstanceState.RUNNING: 'running'>, is_mapped=False, rendered_map_index=None),","logger":"task.stdout"}
{"timestamp":"2025-10-18T02:45:01.580390Z","level":"info","event":" 'triggering_asset_events': TriggeringAssetEventsAccessor(_events=defaultdict(<class 'list'>, {})),","logger":"task.stdout"}
{"timestamp":"2025-10-18T02:45:01.580420Z","level":"info","event":" 'ts': '2025-10-18T02:45:00+00:00',","logger":"task.stdout"}
{"timestamp":"2025-10-18T02:45:01.580490Z","level":"info","event":" 'ts_nodash': '20251018T024500',","logger":"task.stdout"}
{"timestamp":"2025-10-18T02:45:01.580527Z","level":"info","event":" 'ts_nodash_with_tz': '20251018T024500+0000',","logger":"task.stdout"}
{"timestamp":"2025-10-18T02:45:01.580560Z","level":"info","event":" 'var': {'json': <VariableAccessor (dynamic access)>,","logger":"task.stdout"}
{"timestamp":"2025-10-18T02:45:01.580593Z","level":"info","event":"         'value': <VariableAccessor (dynamic access)>}}","logger":"task.stdout"}
{"timestamp":"2025-10-18T02:45:01.580625Z","level":"info","event":"2025-10-18","logger":"task.stdout"}
{"timestamp":"2025-10-18T02:45:01.580169Z","level":"info","event":"Done. Returned value was: meu retorno agora é este texto","logger":"airflow.task.operators.airflow.providers.standard.decorators.python._PythonDecoratedOperator","filename":"python.py","lineno":218}
{"timestamp":"2025-10-18T02:45:01.580685Z","level":"info","event":"Pushing xcom","ti":"RuntimeTaskInstance(id=UUID('0199f534-c4e4-7235-aba1-ce84ecd200c5'), task_id='python', dag_id='python_operator_v2', run_id='scheduled__2025-10-18T02:45:00+00:00', try_number=1, dag_version_id=UUID('0199f531-30ae-7b1b-bde0-cf9d26b1f1cd'), map_index=-1, hostname='d3ad80844e63', context_carrier={}, task=<Task(_PythonDecoratedOperator): python>, bundle_instance=LocalDagBundle(name=dags-folder), max_tries=0, start_date=datetime.datetime(2025, 10, 18, 2, 45, 1, 106045, tzinfo=datetime.timezone.utc), end_date=None, state=<TaskInstanceState.RUNNING: 'running'>, is_mapped=False, rendered_map_index=None)","logger":"task","filename":"task_runner.py","lineno":1352}
{"timestamp":"2025-10-18T02:45:01.620410Z","level":"info","event":"Task instance in success state","logger":"task.stdout"}
{"timestamp":"2025-10-18T02:45:01.620630Z","level":"info","event":" Previous state of the Task instance: TaskInstanceState.RUNNING","logger":"task.stdout"}
{"timestamp":"2025-10-18T02:45:01.620739Z","level":"info","event":"Task operator:<Task(_PythonDecoratedOperator): python>","logger":"task.stdout"}
