{"timestamp":"2025-10-18T02:38:01.801427Z","level":"info","event":"DAG bundles loaded: dags-folder, example_dags","logger":"airflow.dag_processing.bundles.manager.DagBundlesManager","filename":"manager.py","lineno":179}
{"timestamp":"2025-10-18T02:38:01.801878Z","level":"info","event":"Filling up the DagBag from /opt/airflow/dags/python_operator_v1.py","logger":"airflow.models.dagbag.DagBag","filename":"dagbag.py","lineno":593}
{"timestamp":"2025-10-18T02:38:01.823581Z","level":"info","event":"Task instance is in running state","logger":"task.stdout"}
{"timestamp":"2025-10-18T02:38:01.823683Z","level":"info","event":" Previous state of the Task instance: TaskInstanceState.QUEUED","logger":"task.stdout"}
{"timestamp":"2025-10-18T02:38:01.823832Z","level":"info","event":"Current task name:python","logger":"task.stdout"}
{"timestamp":"2025-10-18T02:38:01.823870Z","level":"info","event":"Dag name:python_operator_v1","logger":"task.stdout"}
{"timestamp":"2025-10-18T02:38:01.825460Z","level":"info","event":"andre","logger":"task.stdout"}
{"timestamp":"2025-10-18T02:38:01.826018Z","level":"info","event":"{'conn': <ConnectionAccessor (dynamic access)>,","logger":"task.stdout"}
{"timestamp":"2025-10-18T02:38:01.826062Z","level":"info","event":" 'dag': <DAG: python_operator_v1>,","logger":"task.stdout"}
{"timestamp":"2025-10-18T02:38:01.826087Z","level":"info","event":" 'dag_run': DagRun(dag_id='python_operator_v1', run_id='scheduled__2025-10-18T02:38:00+00:00', logical_date=datetime.datetime(2025, 10, 18, 2, 38, tzinfo=datetime.timezone.utc), data_interval_start=datetime.datetime(2025, 10, 18, 2, 38, tzinfo=datetime.timezone.utc), data_interval_end=datetime.datetime(2025, 10, 18, 2, 38, tzinfo=datetime.timezone.utc), run_after=datetime.datetime(2025, 10, 18, 2, 38, tzinfo=datetime.timezone.utc), start_date=datetime.datetime(2025, 10, 18, 2, 38, 0, 671719, tzinfo=datetime.timezone.utc), end_date=None, clear_number=0, run_type=<DagRunType.SCHEDULED: 'scheduled'>, state=<DagRunState.RUNNING: 'running'>, conf={}, consumed_asset_events=[]),","logger":"task.stdout"}
{"timestamp":"2025-10-18T02:38:01.826133Z","level":"info","event":" 'data_interval_end': DateTime(2025, 10, 18, 2, 38, 0, tzinfo=Timezone('UTC')),","logger":"task.stdout"}
{"timestamp":"2025-10-18T02:38:01.826157Z","level":"info","event":" 'data_interval_start': DateTime(2025, 10, 18, 2, 38, 0, tzinfo=Timezone('UTC')),","logger":"task.stdout"}
{"timestamp":"2025-10-18T02:38:01.826178Z","level":"info","event":" 'ds': '2025-10-18',","logger":"task.stdout"}
{"timestamp":"2025-10-18T02:38:01.826200Z","level":"info","event":" 'ds_nodash': '20251018',","logger":"task.stdout"}
{"timestamp":"2025-10-18T02:38:01.826219Z","level":"info","event":" 'inlet_events': InletEventsAccessors(_inlets=[], _assets={}, _asset_aliases={}),","logger":"task.stdout"}
{"timestamp":"2025-10-18T02:38:01.826236Z","level":"info","event":" 'inlets': [],","logger":"task.stdout"}
{"timestamp":"2025-10-18T02:38:01.826254Z","level":"info","event":" 'logical_date': DateTime(2025, 10, 18, 2, 38, 0, tzinfo=Timezone('UTC')),","logger":"task.stdout"}
{"timestamp":"2025-10-18T02:38:01.826271Z","level":"info","event":" 'macros': <MacrosAccessor (dynamic access to macros)>,","logger":"task.stdout"}
{"timestamp":"2025-10-18T02:38:01.826289Z","level":"info","event":" 'map_index_template': None,","logger":"task.stdout"}
{"timestamp":"2025-10-18T02:38:01.826306Z","level":"info","event":" 'outlet_events': <airflow.sdk.execution_time.context.OutletEventAccessors object at 0x716c87852360>,","logger":"task.stdout"}
{"timestamp":"2025-10-18T02:38:01.826323Z","level":"info","event":" 'outlets': [],","logger":"task.stdout"}
{"timestamp":"2025-10-18T02:38:01.826339Z","level":"info","event":" 'params': {},","logger":"task.stdout"}
{"timestamp":"2025-10-18T02:38:01.835148Z","level":"info","event":" 'prev_data_interval_end_success': <Proxy at 0x716c72995e80 with factory <function RuntimeTaskInstance.get_template_context.<locals>.<lambda> at 0x716c72b760c0>>,","logger":"task.stdout"}
{"timestamp":"2025-10-18T02:38:01.835253Z","level":"info","event":" 'prev_data_interval_start_success': <Proxy at 0x716c72995dc0 with factory <function RuntimeTaskInstance.get_template_context.<locals>.<lambda> at 0x716c72b74f40>>,","logger":"task.stdout"}
{"timestamp":"2025-10-18T02:38:01.835313Z","level":"info","event":" 'prev_end_date_success': <Proxy at 0x716c7687e5c0 with factory <function RuntimeTaskInstance.get_template_context.<locals>.<lambda> at 0x716c72b76200>>,","logger":"task.stdout"}
{"timestamp":"2025-10-18T02:38:01.835347Z","level":"info","event":" 'prev_start_date_success': <Proxy at 0x716c72b5f240 with factory <function RuntimeTaskInstance.get_template_context.<locals>.<lambda> at 0x716c72b747c0>>,","logger":"task.stdout"}
{"timestamp":"2025-10-18T02:38:01.835370Z","level":"info","event":" 'run_id': 'scheduled__2025-10-18T02:38:00+00:00',","logger":"task.stdout"}
{"timestamp":"2025-10-18T02:38:01.835391Z","level":"info","event":" 'task': <Task(PythonOperator): python>,","logger":"task.stdout"}
{"timestamp":"2025-10-18T02:38:01.835415Z","level":"info","event":" 'task_instance': RuntimeTaskInstance(id=UUID('0199f52e-5dd9-75c6-a7c7-dcc844144efe'), task_id='python', dag_id='python_operator_v1', run_id='scheduled__2025-10-18T02:38:00+00:00', try_number=1, dag_version_id=UUID('0199f51d-f58d-7d44-9eec-7e8621103e49'), map_index=-1, hostname='d3ad80844e63', context_carrier={}, task=<Task(PythonOperator): python>, bundle_instance=LocalDagBundle(name=dags-folder), max_tries=0, start_date=datetime.datetime(2025, 10, 18, 2, 38, 1, 451521, tzinfo=datetime.timezone.utc), end_date=None, state=<TaskInstanceState.RUNNING: 'running'>, is_mapped=False, rendered_map_index=None),","logger":"task.stdout"}
{"timestamp":"2025-10-18T02:38:01.835438Z","level":"info","event":" 'task_instance_key_str': 'python_operator_v1__python__20251018',","logger":"task.stdout"}
{"timestamp":"2025-10-18T02:38:01.835457Z","level":"info","event":" 'task_reschedule_count': 0,","logger":"task.stdout"}
{"timestamp":"2025-10-18T02:38:01.835476Z","level":"info","event":" 'templates_dict': None,","logger":"task.stdout"}
{"timestamp":"2025-10-18T02:38:01.835551Z","level":"info","event":" 'ti': RuntimeTaskInstance(id=UUID('0199f52e-5dd9-75c6-a7c7-dcc844144efe'), task_id='python', dag_id='python_operator_v1', run_id='scheduled__2025-10-18T02:38:00+00:00', try_number=1, dag_version_id=UUID('0199f51d-f58d-7d44-9eec-7e8621103e49'), map_index=-1, hostname='d3ad80844e63', context_carrier={}, task=<Task(PythonOperator): python>, bundle_instance=LocalDagBundle(name=dags-folder), max_tries=0, start_date=datetime.datetime(2025, 10, 18, 2, 38, 1, 451521, tzinfo=datetime.timezone.utc), end_date=None, state=<TaskInstanceState.RUNNING: 'running'>, is_mapped=False, rendered_map_index=None),","logger":"task.stdout"}
{"timestamp":"2025-10-18T02:38:01.835576Z","level":"info","event":" 'triggering_asset_events': TriggeringAssetEventsAccessor(_events=defaultdict(<class 'list'>, {})),","logger":"task.stdout"}
{"timestamp":"2025-10-18T02:38:01.835597Z","level":"info","event":" 'ts': '2025-10-18T02:38:00+00:00',","logger":"task.stdout"}
{"timestamp":"2025-10-18T02:38:01.835616Z","level":"info","event":" 'ts_nodash': '20251018T023800',","logger":"task.stdout"}
{"timestamp":"2025-10-18T02:38:01.835634Z","level":"info","event":" 'ts_nodash_with_tz': '20251018T023800+0000',","logger":"task.stdout"}
{"timestamp":"2025-10-18T02:38:01.835653Z","level":"info","event":" 'var': {'json': <VariableAccessor (dynamic access)>,","logger":"task.stdout"}
{"timestamp":"2025-10-18T02:38:01.835671Z","level":"info","event":"         'value': <VariableAccessor (dynamic access)>}}","logger":"task.stdout"}
{"timestamp":"2025-10-18T02:38:01.835553Z","level":"info","event":"Done. Returned value was: 123","logger":"airflow.task.operators.airflow.providers.standard.operators.python.PythonOperator","filename":"python.py","lineno":218}
{"timestamp":"2025-10-18T02:38:01.835740Z","level":"info","event":"Pushing xcom","ti":"RuntimeTaskInstance(id=UUID('0199f52e-5dd9-75c6-a7c7-dcc844144efe'), task_id='python', dag_id='python_operator_v1', run_id='scheduled__2025-10-18T02:38:00+00:00', try_number=1, dag_version_id=UUID('0199f51d-f58d-7d44-9eec-7e8621103e49'), map_index=-1, hostname='d3ad80844e63', context_carrier={}, task=<Task(PythonOperator): python>, bundle_instance=LocalDagBundle(name=dags-folder), max_tries=0, start_date=datetime.datetime(2025, 10, 18, 2, 38, 1, 451521, tzinfo=datetime.timezone.utc), end_date=None, state=<TaskInstanceState.RUNNING: 'running'>, is_mapped=False, rendered_map_index=None)","logger":"task","filename":"task_runner.py","lineno":1352}
{"timestamp":"2025-10-18T02:38:01.855442Z","level":"info","event":"Task instance in success state","logger":"task.stdout"}
{"timestamp":"2025-10-18T02:38:01.855547Z","level":"info","event":" Previous state of the Task instance: TaskInstanceState.RUNNING","logger":"task.stdout"}
{"timestamp":"2025-10-18T02:38:01.855650Z","level":"info","event":"Task operator:<Task(PythonOperator): python>","logger":"task.stdout"}
