{"timestamp":"2025-10-18T02:45:01.521074Z","level":"info","event":"DAG bundles loaded: dags-folder, example_dags","logger":"airflow.dag_processing.bundles.manager.DagBundlesManager","filename":"manager.py","lineno":179}
{"timestamp":"2025-10-18T02:45:01.521758Z","level":"info","event":"Filling up the DagBag from /opt/airflow/dags/python_operator_v1.py","logger":"airflow.models.dagbag.DagBag","filename":"dagbag.py","lineno":593}
{"timestamp":"2025-10-18T02:45:01.556167Z","level":"info","event":"Task instance is in running state","logger":"task.stdout"}
{"timestamp":"2025-10-18T02:45:01.556305Z","level":"info","event":" Previous state of the Task instance: TaskInstanceState.QUEUED","logger":"task.stdout"}
{"timestamp":"2025-10-18T02:45:01.556386Z","level":"info","event":"Current task name:python","logger":"task.stdout"}
{"timestamp":"2025-10-18T02:45:01.556418Z","level":"info","event":"Dag name:python_operator_v1","logger":"task.stdout"}
{"timestamp":"2025-10-18T02:45:01.558256Z","level":"info","event":"andre","logger":"task.stdout"}
{"timestamp":"2025-10-18T02:45:01.558765Z","level":"info","event":"{'conn': <ConnectionAccessor (dynamic access)>,","logger":"task.stdout"}
{"timestamp":"2025-10-18T02:45:01.558879Z","level":"info","event":" 'dag': <DAG: python_operator_v1>,","logger":"task.stdout"}
{"timestamp":"2025-10-18T02:45:01.558967Z","level":"info","event":" 'dag_run': DagRun(dag_id='python_operator_v1', run_id='scheduled__2025-10-18T02:45:00+00:00', logical_date=datetime.datetime(2025, 10, 18, 2, 45, tzinfo=datetime.timezone.utc), data_interval_start=datetime.datetime(2025, 10, 18, 2, 45, tzinfo=datetime.timezone.utc), data_interval_end=datetime.datetime(2025, 10, 18, 2, 45, tzinfo=datetime.timezone.utc), run_after=datetime.datetime(2025, 10, 18, 2, 45, tzinfo=datetime.timezone.utc), start_date=datetime.datetime(2025, 10, 18, 2, 45, 0, 283977, tzinfo=datetime.timezone.utc), end_date=None, clear_number=0, run_type=<DagRunType.SCHEDULED: 'scheduled'>, state=<DagRunState.RUNNING: 'running'>, conf={}, consumed_asset_events=[]),","logger":"task.stdout"}
{"timestamp":"2025-10-18T02:45:01.559021Z","level":"info","event":" 'data_interval_end': DateTime(2025, 10, 18, 2, 45, 0, tzinfo=Timezone('UTC')),","logger":"task.stdout"}
{"timestamp":"2025-10-18T02:45:01.559059Z","level":"info","event":" 'data_interval_start': DateTime(2025, 10, 18, 2, 45, 0, tzinfo=Timezone('UTC')),","logger":"task.stdout"}
{"timestamp":"2025-10-18T02:45:01.559084Z","level":"info","event":" 'ds': '2025-10-18',","logger":"task.stdout"}
{"timestamp":"2025-10-18T02:45:01.559112Z","level":"info","event":" 'ds_nodash': '20251018',","logger":"task.stdout"}
{"timestamp":"2025-10-18T02:45:01.559134Z","level":"info","event":" 'inlet_events': InletEventsAccessors(_inlets=[], _assets={}, _asset_aliases={}),","logger":"task.stdout"}
{"timestamp":"2025-10-18T02:45:01.559155Z","level":"info","event":" 'inlets': [],","logger":"task.stdout"}
{"timestamp":"2025-10-18T02:45:01.559180Z","level":"info","event":" 'logical_date': DateTime(2025, 10, 18, 2, 45, 0, tzinfo=Timezone('UTC')),","logger":"task.stdout"}
{"timestamp":"2025-10-18T02:45:01.559201Z","level":"info","event":" 'macros': <MacrosAccessor (dynamic access to macros)>,","logger":"task.stdout"}
{"timestamp":"2025-10-18T02:45:01.559221Z","level":"info","event":" 'map_index_template': None,","logger":"task.stdout"}
{"timestamp":"2025-10-18T02:45:01.559241Z","level":"info","event":" 'outlet_events': <airflow.sdk.execution_time.context.OutletEventAccessors object at 0x716c76826cc0>,","logger":"task.stdout"}
{"timestamp":"2025-10-18T02:45:01.559262Z","level":"info","event":" 'outlets': [],","logger":"task.stdout"}
{"timestamp":"2025-10-18T02:45:01.559284Z","level":"info","event":" 'params': {},","logger":"task.stdout"}
{"timestamp":"2025-10-18T02:45:01.572014Z","level":"info","event":" 'prev_data_interval_end_success': <Proxy at 0x716c729955c0 with factory <function RuntimeTaskInstance.get_template_context.<locals>.<lambda> at 0x716c72b80ea0>>,","logger":"task.stdout"}
{"timestamp":"2025-10-18T02:45:01.572194Z","level":"info","event":" 'prev_data_interval_start_success': <Proxy at 0x716c72995500 with factory <function RuntimeTaskInstance.get_template_context.<locals>.<lambda> at 0x716c72b6fc40>>,","logger":"task.stdout"}
{"timestamp":"2025-10-18T02:45:01.572256Z","level":"info","event":" 'prev_end_date_success': <Proxy at 0x716c72b51fc0 with factory <function RuntimeTaskInstance.get_template_context.<locals>.<lambda> at 0x716c72b6f7e0>>,","logger":"task.stdout"}
{"timestamp":"2025-10-18T02:45:01.572289Z","level":"info","event":" 'prev_start_date_success': <Proxy at 0x716c7298bac0 with factory <function RuntimeTaskInstance.get_template_context.<locals>.<lambda> at 0x716c72b6f4c0>>,","logger":"task.stdout"}
{"timestamp":"2025-10-18T02:45:01.572313Z","level":"info","event":" 'run_id': 'scheduled__2025-10-18T02:45:00+00:00',","logger":"task.stdout"}
{"timestamp":"2025-10-18T02:45:01.572338Z","level":"info","event":" 'task': <Task(PythonOperator): python>,","logger":"task.stdout"}
{"timestamp":"2025-10-18T02:45:01.572363Z","level":"info","event":" 'task_instance': RuntimeTaskInstance(id=UUID('0199f534-c4ed-7bda-a7b0-62921d3d0e92'), task_id='python', dag_id='python_operator_v1', run_id='scheduled__2025-10-18T02:45:00+00:00', try_number=1, dag_version_id=UUID('0199f51d-f58d-7d44-9eec-7e8621103e49'), map_index=-1, hostname='d3ad80844e63', context_carrier={}, task=<Task(PythonOperator): python>, bundle_instance=LocalDagBundle(name=dags-folder), max_tries=0, start_date=datetime.datetime(2025, 10, 18, 2, 45, 1, 105672, tzinfo=datetime.timezone.utc), end_date=None, state=<TaskInstanceState.RUNNING: 'running'>, is_mapped=False, rendered_map_index=None),","logger":"task.stdout"}
{"timestamp":"2025-10-18T02:45:01.572388Z","level":"info","event":" 'task_instance_key_str': 'python_operator_v1__python__20251018',","logger":"task.stdout"}
{"timestamp":"2025-10-18T02:45:01.572409Z","level":"info","event":" 'task_reschedule_count': 0,","logger":"task.stdout"}
{"timestamp":"2025-10-18T02:45:01.572431Z","level":"info","event":" 'templates_dict': None,","logger":"task.stdout"}
{"timestamp":"2025-10-18T02:45:01.572454Z","level":"info","event":" 'ti': RuntimeTaskInstance(id=UUID('0199f534-c4ed-7bda-a7b0-62921d3d0e92'), task_id='python', dag_id='python_operator_v1', run_id='scheduled__2025-10-18T02:45:00+00:00', try_number=1, dag_version_id=UUID('0199f51d-f58d-7d44-9eec-7e8621103e49'), map_index=-1, hostname='d3ad80844e63', context_carrier={}, task=<Task(PythonOperator): python>, bundle_instance=LocalDagBundle(name=dags-folder), max_tries=0, start_date=datetime.datetime(2025, 10, 18, 2, 45, 1, 105672, tzinfo=datetime.timezone.utc), end_date=None, state=<TaskInstanceState.RUNNING: 'running'>, is_mapped=False, rendered_map_index=None),","logger":"task.stdout"}
{"timestamp":"2025-10-18T02:45:01.572476Z","level":"info","event":" 'triggering_asset_events': TriggeringAssetEventsAccessor(_events=defaultdict(<class 'list'>, {})),","logger":"task.stdout"}
{"timestamp":"2025-10-18T02:45:01.572500Z","level":"info","event":" 'ts': '2025-10-18T02:45:00+00:00',","logger":"task.stdout"}
{"timestamp":"2025-10-18T02:45:01.572522Z","level":"info","event":" 'ts_nodash': '20251018T024500',","logger":"task.stdout"}
{"timestamp":"2025-10-18T02:45:01.572543Z","level":"info","event":" 'ts_nodash_with_tz': '20251018T024500+0000',","logger":"task.stdout"}
{"timestamp":"2025-10-18T02:45:01.572588Z","level":"info","event":" 'var': {'json': <VariableAccessor (dynamic access)>,","logger":"task.stdout"}
{"timestamp":"2025-10-18T02:45:01.572618Z","level":"info","event":"         'value': <VariableAccessor (dynamic access)>}}","logger":"task.stdout"}
{"timestamp":"2025-10-18T02:45:01.572646Z","level":"info","event":"Done. Returned value was: 123","logger":"airflow.task.operators.airflow.providers.standard.operators.python.PythonOperator","filename":"python.py","lineno":218}
{"timestamp":"2025-10-18T02:45:01.572915Z","level":"info","event":"Pushing xcom","ti":"RuntimeTaskInstance(id=UUID('0199f534-c4ed-7bda-a7b0-62921d3d0e92'), task_id='python', dag_id='python_operator_v1', run_id='scheduled__2025-10-18T02:45:00+00:00', try_number=1, dag_version_id=UUID('0199f51d-f58d-7d44-9eec-7e8621103e49'), map_index=-1, hostname='d3ad80844e63', context_carrier={}, task=<Task(PythonOperator): python>, bundle_instance=LocalDagBundle(name=dags-folder), max_tries=0, start_date=datetime.datetime(2025, 10, 18, 2, 45, 1, 105672, tzinfo=datetime.timezone.utc), end_date=None, state=<TaskInstanceState.RUNNING: 'running'>, is_mapped=False, rendered_map_index=None)","logger":"task","filename":"task_runner.py","lineno":1352}
{"timestamp":"2025-10-18T02:45:01.615543Z","level":"info","event":"Task instance in success state","logger":"task.stdout"}
{"timestamp":"2025-10-18T02:45:01.615818Z","level":"info","event":" Previous state of the Task instance: TaskInstanceState.RUNNING","logger":"task.stdout"}
{"timestamp":"2025-10-18T02:45:01.616043Z","level":"info","event":"Task operator:<Task(PythonOperator): python>","logger":"task.stdout"}
