{"timestamp":"2025-10-18T02:43:01.773782Z","level":"info","event":"DAG bundles loaded: dags-folder, example_dags","logger":"airflow.dag_processing.bundles.manager.DagBundlesManager","filename":"manager.py","lineno":179}
{"timestamp":"2025-10-18T02:43:01.775286Z","level":"info","event":"Filling up the DagBag from /opt/airflow/dags/python_operator_v2.py","logger":"airflow.models.dagbag.DagBag","filename":"dagbag.py","lineno":593}
{"timestamp":"2025-10-18T02:43:01.794843Z","level":"warning","event":"The `airflow.decorators.task` attribute is deprecated. Please use `'airflow.sdk.task'`.","category":"DeprecatedImportWarning","filename":"/opt/airflow/dags/python_operator_v2.py","lineno":3,"logger":"py.warnings"}
{"timestamp":"2025-10-18T02:43:01.813688Z","level":"info","event":"Task instance is in running state","logger":"task.stdout"}
{"timestamp":"2025-10-18T02:43:01.813806Z","level":"info","event":" Previous state of the Task instance: TaskInstanceState.QUEUED","logger":"task.stdout"}
{"timestamp":"2025-10-18T02:43:01.813876Z","level":"info","event":"Current task name:python","logger":"task.stdout"}
{"timestamp":"2025-10-18T02:43:01.813904Z","level":"info","event":"Dag name:python_operator_v2","logger":"task.stdout"}
{"timestamp":"2025-10-18T02:43:01.816221Z","level":"info","event":"{'conn': <ConnectionAccessor (dynamic access)>,","logger":"task.stdout"}
{"timestamp":"2025-10-18T02:43:01.816318Z","level":"info","event":" 'dag': <DAG: python_operator_v2>,","logger":"task.stdout"}
{"timestamp":"2025-10-18T02:43:01.816452Z","level":"info","event":" 'dag_run': DagRun(dag_id='python_operator_v2', run_id='scheduled__2025-10-18T02:43:00+00:00', logical_date=datetime.datetime(2025, 10, 18, 2, 43, tzinfo=datetime.timezone.utc), data_interval_start=datetime.datetime(2025, 10, 18, 2, 43, tzinfo=datetime.timezone.utc), data_interval_end=datetime.datetime(2025, 10, 18, 2, 43, tzinfo=datetime.timezone.utc), run_after=datetime.datetime(2025, 10, 18, 2, 43, tzinfo=datetime.timezone.utc), start_date=datetime.datetime(2025, 10, 18, 2, 43, 0, 689695, tzinfo=datetime.timezone.utc), end_date=None, clear_number=0, run_type=<DagRunType.SCHEDULED: 'scheduled'>, state=<DagRunState.RUNNING: 'running'>, conf={}, consumed_asset_events=[]),","logger":"task.stdout"}
{"timestamp":"2025-10-18T02:43:01.816499Z","level":"info","event":" 'data_interval_end': DateTime(2025, 10, 18, 2, 43, 0, tzinfo=Timezone('UTC')),","logger":"task.stdout"}
{"timestamp":"2025-10-18T02:43:01.816525Z","level":"info","event":" 'data_interval_start': DateTime(2025, 10, 18, 2, 43, 0, tzinfo=Timezone('UTC')),","logger":"task.stdout"}
{"timestamp":"2025-10-18T02:43:01.816550Z","level":"info","event":" 'ds_nodash': '20251018',","logger":"task.stdout"}
{"timestamp":"2025-10-18T02:43:01.816571Z","level":"info","event":" 'inlet_events': InletEventsAccessors(_inlets=[], _assets={}, _asset_aliases={}),","logger":"task.stdout"}
{"timestamp":"2025-10-18T02:43:01.816591Z","level":"info","event":" 'inlets': [],","logger":"task.stdout"}
{"timestamp":"2025-10-18T02:43:01.816610Z","level":"info","event":" 'logical_date': DateTime(2025, 10, 18, 2, 43, 0, tzinfo=Timezone('UTC')),","logger":"task.stdout"}
{"timestamp":"2025-10-18T02:43:01.816630Z","level":"info","event":" 'macros': <MacrosAccessor (dynamic access to macros)>,","logger":"task.stdout"}
{"timestamp":"2025-10-18T02:43:01.816650Z","level":"info","event":" 'map_index_template': None,","logger":"task.stdout"}
{"timestamp":"2025-10-18T02:43:01.816669Z","level":"info","event":" 'outlet_events': <airflow.sdk.execution_time.context.OutletEventAccessors object at 0x716c767bb890>,","logger":"task.stdout"}
{"timestamp":"2025-10-18T02:43:01.816688Z","level":"info","event":" 'outlets': [],","logger":"task.stdout"}
{"timestamp":"2025-10-18T02:43:01.816707Z","level":"info","event":" 'params': {},","logger":"task.stdout"}
{"timestamp":"2025-10-18T02:43:01.828212Z","level":"info","event":" 'prev_data_interval_end_success': <Proxy at 0x716c7298e700 with factory <function RuntimeTaskInstance.get_template_context.<locals>.<lambda> at 0x716c72b61940>>,","logger":"task.stdout"}
{"timestamp":"2025-10-18T02:43:01.828330Z","level":"info","event":" 'prev_data_interval_start_success': <Proxy at 0x716c7298e640 with factory <function RuntimeTaskInstance.get_template_context.<locals>.<lambda> at 0x716c72b63240>>,","logger":"task.stdout"}
{"timestamp":"2025-10-18T02:43:01.828406Z","level":"info","event":" 'prev_end_date_success': <Proxy at 0x716c72b56800 with factory <function RuntimeTaskInstance.get_template_context.<locals>.<lambda> at 0x716c72b62520>>,","logger":"task.stdout"}
{"timestamp":"2025-10-18T02:43:01.828434Z","level":"info","event":" 'prev_start_date_success': <Proxy at 0x716c72b56740 with factory <function RuntimeTaskInstance.get_template_context.<locals>.<lambda> at 0x716c72b396c0>>,","logger":"task.stdout"}
{"timestamp":"2025-10-18T02:43:01.828457Z","level":"info","event":" 'run_id': 'scheduled__2025-10-18T02:43:00+00:00',","logger":"task.stdout"}
{"timestamp":"2025-10-18T02:43:01.828478Z","level":"info","event":" 'task': <Task(_PythonDecoratedOperator): python>,","logger":"task.stdout"}
{"timestamp":"2025-10-18T02:43:01.828542Z","level":"info","event":" 'task_instance': RuntimeTaskInstance(id=UUID('0199f532-f1cb-721a-8eb2-ff5492092a06'), task_id='python', dag_id='python_operator_v2', run_id='scheduled__2025-10-18T02:43:00+00:00', try_number=1, dag_version_id=UUID('0199f531-30ae-7b1b-bde0-cf9d26b1f1cd'), map_index=-1, hostname='d3ad80844e63', context_carrier={}, task=<Task(_PythonDecoratedOperator): python>, bundle_instance=LocalDagBundle(name=dags-folder), max_tries=0, start_date=datetime.datetime(2025, 10, 18, 2, 43, 1, 246167, tzinfo=datetime.timezone.utc), end_date=None, state=<TaskInstanceState.RUNNING: 'running'>, is_mapped=False, rendered_map_index=None),","logger":"task.stdout"}
{"timestamp":"2025-10-18T02:43:01.828579Z","level":"info","event":" 'task_instance_key_str': 'python_operator_v2__python__20251018',","logger":"task.stdout"}
{"timestamp":"2025-10-18T02:43:01.828603Z","level":"info","event":" 'task_reschedule_count': 0,","logger":"task.stdout"}
{"timestamp":"2025-10-18T02:43:01.828624Z","level":"info","event":" 'templates_dict': None,","logger":"task.stdout"}
{"timestamp":"2025-10-18T02:43:01.828646Z","level":"info","event":" 'ti': RuntimeTaskInstance(id=UUID('0199f532-f1cb-721a-8eb2-ff5492092a06'), task_id='python', dag_id='python_operator_v2', run_id='scheduled__2025-10-18T02:43:00+00:00', try_number=1, dag_version_id=UUID('0199f531-30ae-7b1b-bde0-cf9d26b1f1cd'), map_index=-1, hostname='d3ad80844e63', context_carrier={}, task=<Task(_PythonDecoratedOperator): python>, bundle_instance=LocalDagBundle(name=dags-folder), max_tries=0, start_date=datetime.datetime(2025, 10, 18, 2, 43, 1, 246167, tzinfo=datetime.timezone.utc), end_date=None, state=<TaskInstanceState.RUNNING: 'running'>, is_mapped=False, rendered_map_index=None),","logger":"task.stdout"}
{"timestamp":"2025-10-18T02:43:01.828683Z","level":"info","event":" 'triggering_asset_events': TriggeringAssetEventsAccessor(_events=defaultdict(<class 'list'>, {})),","logger":"task.stdout"}
{"timestamp":"2025-10-18T02:43:01.828715Z","level":"info","event":" 'ts': '2025-10-18T02:43:00+00:00',","logger":"task.stdout"}
{"timestamp":"2025-10-18T02:43:01.828737Z","level":"info","event":" 'ts_nodash': '20251018T024300',","logger":"task.stdout"}
{"timestamp":"2025-10-18T02:43:01.828757Z","level":"info","event":" 'ts_nodash_with_tz': '20251018T024300+0000',","logger":"task.stdout"}
{"timestamp":"2025-10-18T02:43:01.828777Z","level":"info","event":" 'var': {'json': <VariableAccessor (dynamic access)>,","logger":"task.stdout"}
{"timestamp":"2025-10-18T02:43:01.828798Z","level":"info","event":"         'value': <VariableAccessor (dynamic access)>}}","logger":"task.stdout"}
{"timestamp":"2025-10-18T02:43:01.828816Z","level":"info","event":"2025-10-18","logger":"task.stdout"}
{"timestamp":"2025-10-18T02:43:01.828406Z","level":"info","event":"Done. Returned value was: meu retorno agora é este texto","logger":"airflow.task.operators.airflow.providers.standard.decorators.python._PythonDecoratedOperator","filename":"python.py","lineno":218}
{"timestamp":"2025-10-18T02:43:01.828908Z","level":"info","event":"Pushing xcom","ti":"RuntimeTaskInstance(id=UUID('0199f532-f1cb-721a-8eb2-ff5492092a06'), task_id='python', dag_id='python_operator_v2', run_id='scheduled__2025-10-18T02:43:00+00:00', try_number=1, dag_version_id=UUID('0199f531-30ae-7b1b-bde0-cf9d26b1f1cd'), map_index=-1, hostname='d3ad80844e63', context_carrier={}, task=<Task(_PythonDecoratedOperator): python>, bundle_instance=LocalDagBundle(name=dags-folder), max_tries=0, start_date=datetime.datetime(2025, 10, 18, 2, 43, 1, 246167, tzinfo=datetime.timezone.utc), end_date=None, state=<TaskInstanceState.RUNNING: 'running'>, is_mapped=False, rendered_map_index=None)","logger":"task","filename":"task_runner.py","lineno":1352}
{"timestamp":"2025-10-18T02:43:01.856702Z","level":"info","event":"Task instance in success state","logger":"task.stdout"}
{"timestamp":"2025-10-18T02:43:01.856802Z","level":"info","event":" Previous state of the Task instance: TaskInstanceState.RUNNING","logger":"task.stdout"}
{"timestamp":"2025-10-18T02:43:01.856912Z","level":"info","event":"Task operator:<Task(_PythonDecoratedOperator): python>","logger":"task.stdout"}
