{"timestamp":"2025-10-18T02:30:04.312101Z","level":"info","event":"DAG bundles loaded: dags-folder, example_dags","logger":"airflow.dag_processing.bundles.manager.DagBundlesManager","filename":"manager.py","lineno":179}
{"timestamp":"2025-10-18T02:30:04.312817Z","level":"info","event":"Filling up the DagBag from /opt/airflow/dags/python_operator_v1.py","logger":"airflow.models.dagbag.DagBag","filename":"dagbag.py","lineno":593}
{"timestamp":"2025-10-18T02:30:04.355816Z","level":"info","event":"Task instance is in running state","logger":"task.stdout"}
{"timestamp":"2025-10-18T02:30:04.356010Z","level":"info","event":" Previous state of the Task instance: TaskInstanceState.QUEUED","logger":"task.stdout"}
{"timestamp":"2025-10-18T02:30:04.356294Z","level":"info","event":"Current task name:python","logger":"task.stdout"}
{"timestamp":"2025-10-18T02:30:04.356352Z","level":"info","event":"Dag name:python_operator_v1","logger":"task.stdout"}
{"timestamp":"2025-10-18T02:30:04.359187Z","level":"info","event":"andre","logger":"task.stdout"}
{"timestamp":"2025-10-18T02:30:04.360120Z","level":"info","event":"{'conn': <ConnectionAccessor (dynamic access)>,","logger":"task.stdout"}
{"timestamp":"2025-10-18T02:30:04.360205Z","level":"info","event":" 'dag': <DAG: python_operator_v1>,","logger":"task.stdout"}
{"timestamp":"2025-10-18T02:30:04.360280Z","level":"info","event":" 'dag_run': DagRun(dag_id='python_operator_v1', run_id='scheduled__2025-10-18T02:30:00+00:00', logical_date=datetime.datetime(2025, 10, 18, 2, 30, tzinfo=datetime.timezone.utc), data_interval_start=datetime.datetime(2025, 10, 18, 2, 30, tzinfo=datetime.timezone.utc), data_interval_end=datetime.datetime(2025, 10, 18, 2, 30, tzinfo=datetime.timezone.utc), run_after=datetime.datetime(2025, 10, 18, 2, 30, tzinfo=datetime.timezone.utc), start_date=datetime.datetime(2025, 10, 18, 2, 30, 0, 134328, tzinfo=datetime.timezone.utc), end_date=None, clear_number=0, run_type=<DagRunType.SCHEDULED: 'scheduled'>, state=<DagRunState.RUNNING: 'running'>, conf={}, consumed_asset_events=[]),","logger":"task.stdout"}
{"timestamp":"2025-10-18T02:30:04.360312Z","level":"info","event":" 'data_interval_end': DateTime(2025, 10, 18, 2, 30, 0, tzinfo=Timezone('UTC')),","logger":"task.stdout"}
{"timestamp":"2025-10-18T02:30:04.360336Z","level":"info","event":" 'data_interval_start': DateTime(2025, 10, 18, 2, 30, 0, tzinfo=Timezone('UTC')),","logger":"task.stdout"}
{"timestamp":"2025-10-18T02:30:04.360358Z","level":"info","event":" 'ds': '2025-10-18',","logger":"task.stdout"}
{"timestamp":"2025-10-18T02:30:04.360380Z","level":"info","event":" 'ds_nodash': '20251018',","logger":"task.stdout"}
{"timestamp":"2025-10-18T02:30:04.360400Z","level":"info","event":" 'inlet_events': InletEventsAccessors(_inlets=[], _assets={}, _asset_aliases={}),","logger":"task.stdout"}
{"timestamp":"2025-10-18T02:30:04.360420Z","level":"info","event":" 'inlets': [],","logger":"task.stdout"}
{"timestamp":"2025-10-18T02:30:04.360439Z","level":"info","event":" 'logical_date': DateTime(2025, 10, 18, 2, 30, 0, tzinfo=Timezone('UTC')),","logger":"task.stdout"}
{"timestamp":"2025-10-18T02:30:04.360458Z","level":"info","event":" 'macros': <MacrosAccessor (dynamic access to macros)>,","logger":"task.stdout"}
{"timestamp":"2025-10-18T02:30:04.360477Z","level":"info","event":" 'map_index_template': None,","logger":"task.stdout"}
{"timestamp":"2025-10-18T02:30:04.360496Z","level":"info","event":" 'outlet_events': <airflow.sdk.execution_time.context.OutletEventAccessors object at 0x716c89c86660>,","logger":"task.stdout"}
{"timestamp":"2025-10-18T02:30:04.360515Z","level":"info","event":" 'outlets': [],","logger":"task.stdout"}
{"timestamp":"2025-10-18T02:30:04.360534Z","level":"info","event":" 'params': {},","logger":"task.stdout"}
{"timestamp":"2025-10-18T02:30:04.373185Z","level":"info","event":" 'prev_data_interval_end_success': <Proxy at 0x716c87445840 with factory <function RuntimeTaskInstance.get_template_context.<locals>.<lambda> at 0x716c728ad940>>,","logger":"task.stdout"}
{"timestamp":"2025-10-18T02:30:04.373305Z","level":"info","event":" 'prev_data_interval_start_success': <Proxy at 0x716c87447480 with factory <function RuntimeTaskInstance.get_template_context.<locals>.<lambda> at 0x716c728ad580>>,","logger":"task.stdout"}
{"timestamp":"2025-10-18T02:30:04.373390Z","level":"info","event":" 'prev_end_date_success': <Proxy at 0x716c8738fa80 with factory <function RuntimeTaskInstance.get_template_context.<locals>.<lambda> at 0x716c728ae8e0>>,","logger":"task.stdout"}
{"timestamp":"2025-10-18T02:30:04.373417Z","level":"info","event":" 'prev_start_date_success': <Proxy at 0x716c72ae0b40 with factory <function RuntimeTaskInstance.get_template_context.<locals>.<lambda> at 0x716c728acea0>>,","logger":"task.stdout"}
{"timestamp":"2025-10-18T02:30:04.373440Z","level":"info","event":" 'run_id': 'scheduled__2025-10-18T02:30:00+00:00',","logger":"task.stdout"}
{"timestamp":"2025-10-18T02:30:04.373505Z","level":"info","event":" 'task': <Task(PythonOperator): python>,","logger":"task.stdout"}
{"timestamp":"2025-10-18T02:30:04.373534Z","level":"info","event":" 'task_instance': RuntimeTaskInstance(id=UUID('0199f527-08b7-735f-9eb6-9acf933ae8e0'), task_id='python', dag_id='python_operator_v1', run_id='scheduled__2025-10-18T02:30:00+00:00', try_number=1, dag_version_id=UUID('0199f51d-f58d-7d44-9eec-7e8621103e49'), map_index=-1, hostname='d3ad80844e63', context_carrier={}, task=<Task(PythonOperator): python>, bundle_instance=LocalDagBundle(name=dags-folder), max_tries=0, start_date=datetime.datetime(2025, 10, 18, 2, 30, 1, 726758, tzinfo=datetime.timezone.utc), end_date=None, state=<TaskInstanceState.RUNNING: 'running'>, is_mapped=False, rendered_map_index=None),","logger":"task.stdout"}
{"timestamp":"2025-10-18T02:30:04.373557Z","level":"info","event":" 'task_instance_key_str': 'python_operator_v1__python__20251018',","logger":"task.stdout"}
{"timestamp":"2025-10-18T02:30:04.373578Z","level":"info","event":" 'task_reschedule_count': 0,","logger":"task.stdout"}
{"timestamp":"2025-10-18T02:30:04.373597Z","level":"info","event":" 'templates_dict': None,","logger":"task.stdout"}
{"timestamp":"2025-10-18T02:30:04.373618Z","level":"info","event":" 'ti': RuntimeTaskInstance(id=UUID('0199f527-08b7-735f-9eb6-9acf933ae8e0'), task_id='python', dag_id='python_operator_v1', run_id='scheduled__2025-10-18T02:30:00+00:00', try_number=1, dag_version_id=UUID('0199f51d-f58d-7d44-9eec-7e8621103e49'), map_index=-1, hostname='d3ad80844e63', context_carrier={}, task=<Task(PythonOperator): python>, bundle_instance=LocalDagBundle(name=dags-folder), max_tries=0, start_date=datetime.datetime(2025, 10, 18, 2, 30, 1, 726758, tzinfo=datetime.timezone.utc), end_date=None, state=<TaskInstanceState.RUNNING: 'running'>, is_mapped=False, rendered_map_index=None),","logger":"task.stdout"}
{"timestamp":"2025-10-18T02:30:04.373639Z","level":"info","event":" 'triggering_asset_events': TriggeringAssetEventsAccessor(_events=defaultdict(<class 'list'>, {})),","logger":"task.stdout"}
{"timestamp":"2025-10-18T02:30:04.373658Z","level":"info","event":" 'ts': '2025-10-18T02:30:00+00:00',","logger":"task.stdout"}
{"timestamp":"2025-10-18T02:30:04.373676Z","level":"info","event":" 'ts_nodash': '20251018T023000',","logger":"task.stdout"}
{"timestamp":"2025-10-18T02:30:04.373695Z","level":"info","event":" 'ts_nodash_with_tz': '20251018T023000+0000',","logger":"task.stdout"}
{"timestamp":"2025-10-18T02:30:04.373715Z","level":"info","event":" 'var': {'json': <VariableAccessor (dynamic access)>,","logger":"task.stdout"}
{"timestamp":"2025-10-18T02:30:04.373734Z","level":"info","event":"         'value': <VariableAccessor (dynamic access)>}}","logger":"task.stdout"}
{"timestamp":"2025-10-18T02:30:04.373627Z","level":"info","event":"Done. Returned value was: 123","logger":"airflow.task.operators.airflow.providers.standard.operators.python.PythonOperator","filename":"python.py","lineno":218}
{"timestamp":"2025-10-18T02:30:04.374103Z","level":"info","event":"Pushing xcom","ti":"RuntimeTaskInstance(id=UUID('0199f527-08b7-735f-9eb6-9acf933ae8e0'), task_id='python', dag_id='python_operator_v1', run_id='scheduled__2025-10-18T02:30:00+00:00', try_number=1, dag_version_id=UUID('0199f51d-f58d-7d44-9eec-7e8621103e49'), map_index=-1, hostname='d3ad80844e63', context_carrier={}, task=<Task(PythonOperator): python>, bundle_instance=LocalDagBundle(name=dags-folder), max_tries=0, start_date=datetime.datetime(2025, 10, 18, 2, 30, 1, 726758, tzinfo=datetime.timezone.utc), end_date=None, state=<TaskInstanceState.RUNNING: 'running'>, is_mapped=False, rendered_map_index=None)","logger":"task","filename":"task_runner.py","lineno":1352}
{"timestamp":"2025-10-18T02:30:04.406485Z","level":"info","event":"Task instance in success state","logger":"task.stdout"}
{"timestamp":"2025-10-18T02:30:04.406591Z","level":"info","event":" Previous state of the Task instance: TaskInstanceState.RUNNING","logger":"task.stdout"}
{"timestamp":"2025-10-18T02:30:04.406706Z","level":"info","event":"Task operator:<Task(PythonOperator): python>","logger":"task.stdout"}
