{"timestamp":"2025-10-18T02:43:01.368205Z","level":"info","event":"DAG bundles loaded: dags-folder, example_dags","logger":"airflow.dag_processing.bundles.manager.DagBundlesManager","filename":"manager.py","lineno":179}
{"timestamp":"2025-10-18T02:43:01.369372Z","level":"info","event":"Filling up the DagBag from /opt/airflow/dags/python_operator_v1.py","logger":"airflow.models.dagbag.DagBag","filename":"dagbag.py","lineno":593}
{"timestamp":"2025-10-18T02:43:01.409859Z","level":"info","event":"Task instance is in running state","logger":"task.stdout"}
{"timestamp":"2025-10-18T02:43:01.410081Z","level":"info","event":" Previous state of the Task instance: TaskInstanceState.QUEUED","logger":"task.stdout"}
{"timestamp":"2025-10-18T02:43:01.410264Z","level":"info","event":"Current task name:python","logger":"task.stdout"}
{"timestamp":"2025-10-18T02:43:01.410416Z","level":"info","event":"Dag name:python_operator_v1","logger":"task.stdout"}
{"timestamp":"2025-10-18T02:43:01.412052Z","level":"info","event":"andre","logger":"task.stdout"}
{"timestamp":"2025-10-18T02:43:01.413144Z","level":"info","event":"{'conn': <ConnectionAccessor (dynamic access)>,","logger":"task.stdout"}
{"timestamp":"2025-10-18T02:43:01.413356Z","level":"info","event":" 'dag': <DAG: python_operator_v1>,","logger":"task.stdout"}
{"timestamp":"2025-10-18T02:43:01.413518Z","level":"info","event":" 'dag_run': DagRun(dag_id='python_operator_v1', run_id='scheduled__2025-10-18T02:43:00+00:00', logical_date=datetime.datetime(2025, 10, 18, 2, 43, tzinfo=datetime.timezone.utc), data_interval_start=datetime.datetime(2025, 10, 18, 2, 43, tzinfo=datetime.timezone.utc), data_interval_end=datetime.datetime(2025, 10, 18, 2, 43, tzinfo=datetime.timezone.utc), run_after=datetime.datetime(2025, 10, 18, 2, 43, tzinfo=datetime.timezone.utc), start_date=datetime.datetime(2025, 10, 18, 2, 43, 0, 399680, tzinfo=datetime.timezone.utc), end_date=None, clear_number=0, run_type=<DagRunType.SCHEDULED: 'scheduled'>, state=<DagRunState.RUNNING: 'running'>, conf={}, consumed_asset_events=[]),","logger":"task.stdout"}
{"timestamp":"2025-10-18T02:43:01.413674Z","level":"info","event":" 'data_interval_end': DateTime(2025, 10, 18, 2, 43, 0, tzinfo=Timezone('UTC')),","logger":"task.stdout"}
{"timestamp":"2025-10-18T02:43:01.413751Z","level":"info","event":" 'data_interval_start': DateTime(2025, 10, 18, 2, 43, 0, tzinfo=Timezone('UTC')),","logger":"task.stdout"}
{"timestamp":"2025-10-18T02:43:01.413792Z","level":"info","event":" 'ds': '2025-10-18',","logger":"task.stdout"}
{"timestamp":"2025-10-18T02:43:01.413828Z","level":"info","event":" 'ds_nodash': '20251018',","logger":"task.stdout"}
{"timestamp":"2025-10-18T02:43:01.413859Z","level":"info","event":" 'inlet_events': InletEventsAccessors(_inlets=[], _assets={}, _asset_aliases={}),","logger":"task.stdout"}
{"timestamp":"2025-10-18T02:43:01.413880Z","level":"info","event":" 'inlets': [],","logger":"task.stdout"}
{"timestamp":"2025-10-18T02:43:01.413913Z","level":"info","event":" 'logical_date': DateTime(2025, 10, 18, 2, 43, 0, tzinfo=Timezone('UTC')),","logger":"task.stdout"}
{"timestamp":"2025-10-18T02:43:01.413940Z","level":"info","event":" 'macros': <MacrosAccessor (dynamic access to macros)>,","logger":"task.stdout"}
{"timestamp":"2025-10-18T02:43:01.413963Z","level":"info","event":" 'map_index_template': None,","logger":"task.stdout"}
{"timestamp":"2025-10-18T02:43:01.413986Z","level":"info","event":" 'outlet_events': <airflow.sdk.execution_time.context.OutletEventAccessors object at 0x716c8c61e660>,","logger":"task.stdout"}
{"timestamp":"2025-10-18T02:43:01.414022Z","level":"info","event":" 'outlets': [],","logger":"task.stdout"}
{"timestamp":"2025-10-18T02:43:01.414050Z","level":"info","event":" 'params': {},","logger":"task.stdout"}
{"timestamp":"2025-10-18T02:43:01.429080Z","level":"info","event":" 'prev_data_interval_end_success': <Proxy at 0x716c72b60740 with factory <function RuntimeTaskInstance.get_template_context.<locals>.<lambda> at 0x716c72b4bd80>>,","logger":"task.stdout"}
{"timestamp":"2025-10-18T02:43:01.429288Z","level":"info","event":" 'prev_data_interval_start_success': <Proxy at 0x716c72b60700 with factory <function RuntimeTaskInstance.get_template_context.<locals>.<lambda> at 0x716c72b4ac00>>,","logger":"task.stdout"}
{"timestamp":"2025-10-18T02:43:01.429478Z","level":"info","event":" 'prev_end_date_success': <Proxy at 0x716c72b24e00 with factory <function RuntimeTaskInstance.get_template_context.<locals>.<lambda> at 0x716c72b4bec0>>,","logger":"task.stdout"}
{"timestamp":"2025-10-18T02:43:01.429597Z","level":"info","event":" 'prev_start_date_success': <Proxy at 0x716c7689e1c0 with factory <function RuntimeTaskInstance.get_template_context.<locals>.<lambda> at 0x716c72b4a480>>,","logger":"task.stdout"}
{"timestamp":"2025-10-18T02:43:01.429692Z","level":"info","event":" 'run_id': 'scheduled__2025-10-18T02:43:00+00:00',","logger":"task.stdout"}
{"timestamp":"2025-10-18T02:43:01.429764Z","level":"info","event":" 'task': <Task(PythonOperator): python>,","logger":"task.stdout"}
{"timestamp":"2025-10-18T02:43:01.429823Z","level":"info","event":" 'task_instance': RuntimeTaskInstance(id=UUID('0199f532-f0a0-7956-ac83-d31d0f420c85'), task_id='python', dag_id='python_operator_v1', run_id='scheduled__2025-10-18T02:43:00+00:00', try_number=1, dag_version_id=UUID('0199f51d-f58d-7d44-9eec-7e8621103e49'), map_index=-1, hostname='d3ad80844e63', context_carrier={}, task=<Task(PythonOperator): python>, bundle_instance=LocalDagBundle(name=dags-folder), max_tries=0, start_date=datetime.datetime(2025, 10, 18, 2, 43, 0, 811296, tzinfo=datetime.timezone.utc), end_date=None, state=<TaskInstanceState.RUNNING: 'running'>, is_mapped=False, rendered_map_index=None),","logger":"task.stdout"}
{"timestamp":"2025-10-18T02:43:01.429907Z","level":"info","event":" 'task_instance_key_str': 'python_operator_v1__python__20251018',","logger":"task.stdout"}
{"timestamp":"2025-10-18T02:43:01.429979Z","level":"info","event":" 'task_reschedule_count': 0,","logger":"task.stdout"}
{"timestamp":"2025-10-18T02:43:01.430062Z","level":"info","event":" 'templates_dict': None,","logger":"task.stdout"}
{"timestamp":"2025-10-18T02:43:01.430166Z","level":"info","event":" 'ti': RuntimeTaskInstance(id=UUID('0199f532-f0a0-7956-ac83-d31d0f420c85'), task_id='python', dag_id='python_operator_v1', run_id='scheduled__2025-10-18T02:43:00+00:00', try_number=1, dag_version_id=UUID('0199f51d-f58d-7d44-9eec-7e8621103e49'), map_index=-1, hostname='d3ad80844e63', context_carrier={}, task=<Task(PythonOperator): python>, bundle_instance=LocalDagBundle(name=dags-folder), max_tries=0, start_date=datetime.datetime(2025, 10, 18, 2, 43, 0, 811296, tzinfo=datetime.timezone.utc), end_date=None, state=<TaskInstanceState.RUNNING: 'running'>, is_mapped=False, rendered_map_index=None),","logger":"task.stdout"}
{"timestamp":"2025-10-18T02:43:01.430221Z","level":"info","event":" 'triggering_asset_events': TriggeringAssetEventsAccessor(_events=defaultdict(<class 'list'>, {})),","logger":"task.stdout"}
{"timestamp":"2025-10-18T02:43:01.430247Z","level":"info","event":" 'ts': '2025-10-18T02:43:00+00:00',","logger":"task.stdout"}
{"timestamp":"2025-10-18T02:43:01.430269Z","level":"info","event":" 'ts_nodash': '20251018T024300',","logger":"task.stdout"}
{"timestamp":"2025-10-18T02:43:01.430304Z","level":"info","event":" 'ts_nodash_with_tz': '20251018T024300+0000',","logger":"task.stdout"}
{"timestamp":"2025-10-18T02:43:01.430328Z","level":"info","event":" 'var': {'json': <VariableAccessor (dynamic access)>,","logger":"task.stdout"}
{"timestamp":"2025-10-18T02:43:01.430360Z","level":"info","event":"         'value': <VariableAccessor (dynamic access)>}}","logger":"task.stdout"}
{"timestamp":"2025-10-18T02:43:01.429757Z","level":"info","event":"Done. Returned value was: 123","logger":"airflow.task.operators.airflow.providers.standard.operators.python.PythonOperator","filename":"python.py","lineno":218}
{"timestamp":"2025-10-18T02:43:01.430184Z","level":"info","event":"Pushing xcom","ti":"RuntimeTaskInstance(id=UUID('0199f532-f0a0-7956-ac83-d31d0f420c85'), task_id='python', dag_id='python_operator_v1', run_id='scheduled__2025-10-18T02:43:00+00:00', try_number=1, dag_version_id=UUID('0199f51d-f58d-7d44-9eec-7e8621103e49'), map_index=-1, hostname='d3ad80844e63', context_carrier={}, task=<Task(PythonOperator): python>, bundle_instance=LocalDagBundle(name=dags-folder), max_tries=0, start_date=datetime.datetime(2025, 10, 18, 2, 43, 0, 811296, tzinfo=datetime.timezone.utc), end_date=None, state=<TaskInstanceState.RUNNING: 'running'>, is_mapped=False, rendered_map_index=None)","logger":"task","filename":"task_runner.py","lineno":1352}
{"timestamp":"2025-10-18T02:43:01.465105Z","level":"info","event":"Task instance in success state","logger":"task.stdout"}
{"timestamp":"2025-10-18T02:43:01.465304Z","level":"info","event":" Previous state of the Task instance: TaskInstanceState.RUNNING","logger":"task.stdout"}
{"timestamp":"2025-10-18T02:43:01.465547Z","level":"info","event":"Task operator:<Task(PythonOperator): python>","logger":"task.stdout"}
